[2016-07-12 18:09:05.979] [INFO] normal - ::1 - - "GET / HTTP/1.1" 304 - "" "Mozilla/5.0 (Macintosh; Intel Mac OS X 10_10_2) AppleWebKit/537.36 (KHTML, like Gecko) Chrome/51.0.2704.103 Safari/537.36"
[2016-07-12 18:09:06.061] [INFO] normal - ::1 - - "GET /stylesheets/style.css HTTP/1.1" 404 9 "http://localhost:3000/" "Mozilla/5.0 (Macintosh; Intel Mac OS X 10_10_2) AppleWebKit/537.36 (KHTML, like Gecko) Chrome/51.0.2704.103 Safari/537.36"
[2016-07-12 18:10:31.568] [INFO] normal - ::1 - - "GET / HTTP/1.1" 500 25 "" "Mozilla/5.0 (Macintosh; Intel Mac OS X 10_10_2) AppleWebKit/537.36 (KHTML, like Gecko) Chrome/51.0.2704.103 Safari/537.36"
[2016-07-12 18:13:35.543] [INFO] normal - ::1 - - "GET / HTTP/1.1" 500 25 "" "Mozilla/5.0 (Macintosh; Intel Mac OS X 10_10_2) AppleWebKit/537.36 (KHTML, like Gecko) Chrome/51.0.2704.103 Safari/537.36"
[2016-07-12 18:13:42.844] [INFO] normal - ::1 - - "GET / HTTP/1.1" 500 25 "" "Mozilla/5.0 (Macintosh; Intel Mac OS X 10_10_2) AppleWebKit/537.36 (KHTML, like Gecko) Chrome/51.0.2704.103 Safari/537.36"
[2016-07-12 18:18:06.156] [INFO] normal - ::1 - - "GET / HTTP/1.1" 200 196 "" "Mozilla/5.0 (Macintosh; Intel Mac OS X 10_10_2) AppleWebKit/537.36 (KHTML, like Gecko) Chrome/51.0.2704.103 Safari/537.36"
[2016-07-12 18:18:06.190] [INFO] normal - ::1 - - "GET /stylesheets/style.css HTTP/1.1" 404 9 "http://localhost:3000/" "Mozilla/5.0 (Macintosh; Intel Mac OS X 10_10_2) AppleWebKit/537.36 (KHTML, like Gecko) Chrome/51.0.2704.103 Safari/537.36"
[2016-07-12 18:20:31.142] [INFO] normal - ::1 - - "GET / HTTP/1.1" 304 - "" "Mozilla/5.0 (Macintosh; Intel Mac OS X 10_10_2) AppleWebKit/537.36 (KHTML, like Gecko) Chrome/51.0.2704.103 Safari/537.36"
[2016-07-12 18:20:31.215] [INFO] normal - ::1 - - "GET /stylesheets/style.css HTTP/1.1" 404 9 "http://localhost:3000/" "Mozilla/5.0 (Macintosh; Intel Mac OS X 10_10_2) AppleWebKit/537.36 (KHTML, like Gecko) Chrome/51.0.2704.103 Safari/537.36"
[2016-07-12 18:20:45.745] [INFO] normal - ::1 - - "GET / HTTP/1.1" 500 27 "" "Mozilla/5.0 (Macintosh; Intel Mac OS X 10_10_2) AppleWebKit/537.36 (KHTML, like Gecko) Chrome/51.0.2704.103 Safari/537.36"
[2016-07-12 18:20:47.075] [INFO] normal - ::1 - - "GET / HTTP/1.1" 500 27 "" "Mozilla/5.0 (Macintosh; Intel Mac OS X 10_10_2) AppleWebKit/537.36 (KHTML, like Gecko) Chrome/51.0.2704.103 Safari/537.36"
[2016-07-12 18:21:45.403] [INFO] normal - ::1 - - "GET / HTTP/1.1" 500 27 "" "Mozilla/5.0 (Macintosh; Intel Mac OS X 10_10_2) AppleWebKit/537.36 (KHTML, like Gecko) Chrome/51.0.2704.103 Safari/537.36"
[2016-07-12 18:21:47.629] [INFO] normal - ::1 - - "GET / HTTP/1.1" 500 27 "" "Mozilla/5.0 (Macintosh; Intel Mac OS X 10_10_2) AppleWebKit/537.36 (KHTML, like Gecko) Chrome/51.0.2704.103 Safari/537.36"
[2016-07-12 18:22:49.533] [INFO] normal - ::1 - - "GET / HTTP/1.1" 200 196 "" "Mozilla/5.0 (Macintosh; Intel Mac OS X 10_10_2) AppleWebKit/537.36 (KHTML, like Gecko) Chrome/51.0.2704.103 Safari/537.36"
[2016-07-12 18:22:49.584] [INFO] normal - ::1 - - "GET /stylesheets/style.css HTTP/1.1" 404 9 "http://localhost:3000/" "Mozilla/5.0 (Macintosh; Intel Mac OS X 10_10_2) AppleWebKit/537.36 (KHTML, like Gecko) Chrome/51.0.2704.103 Safari/537.36"
[2016-07-12 18:24:15.927] [INFO] normal - ::1 - - "GET / HTTP/1.1" 304 - "" "Mozilla/5.0 (Macintosh; Intel Mac OS X 10_10_2) AppleWebKit/537.36 (KHTML, like Gecko) Chrome/51.0.2704.103 Safari/537.36"
[2016-07-12 18:24:15.946] [INFO] normal - ::1 - - "GET /stylesheets/style.css HTTP/1.1" 404 9 "http://localhost:3000/" "Mozilla/5.0 (Macintosh; Intel Mac OS X 10_10_2) AppleWebKit/537.36 (KHTML, like Gecko) Chrome/51.0.2704.103 Safari/537.36"
[2016-07-12 18:25:15.182] [INFO] normal - ::1 - - "GET / HTTP/1.1" 304 - "" "Mozilla/5.0 (Macintosh; Intel Mac OS X 10_10_2) AppleWebKit/537.36 (KHTML, like Gecko) Chrome/51.0.2704.103 Safari/537.36"
[2016-07-12 18:25:15.304] [INFO] normal - ::1 - - "GET /stylesheets/style.css HTTP/1.1" 404 9 "http://localhost:3000/" "Mozilla/5.0 (Macintosh; Intel Mac OS X 10_10_2) AppleWebKit/537.36 (KHTML, like Gecko) Chrome/51.0.2704.103 Safari/537.36"
[2016-07-12 18:26:47.503] [INFO] normal - ::1 - - "GET / HTTP/1.1" 200 355 "" "Mozilla/5.0 (Macintosh; Intel Mac OS X 10_10_2) AppleWebKit/537.36 (KHTML, like Gecko) Chrome/51.0.2704.103 Safari/537.36"
[2016-07-12 18:26:47.614] [INFO] normal - ::1 - - "GET /stylesheets/style.css HTTP/1.1" 404 9 "http://localhost:3000/" "Mozilla/5.0 (Macintosh; Intel Mac OS X 10_10_2) AppleWebKit/537.36 (KHTML, like Gecko) Chrome/51.0.2704.103 Safari/537.36"
[2016-07-12 18:30:27.727] [INFO] normal - ::1 - - "GET / HTTP/1.1" 200 366 "" "Mozilla/5.0 (Macintosh; Intel Mac OS X 10_10_2) AppleWebKit/537.36 (KHTML, like Gecko) Chrome/51.0.2704.103 Safari/537.36"
[2016-07-12 18:30:27.837] [INFO] normal - ::1 - - "GET /stylesheets/style.css HTTP/1.1" 404 9 "http://localhost:3000/" "Mozilla/5.0 (Macintosh; Intel Mac OS X 10_10_2) AppleWebKit/537.36 (KHTML, like Gecko) Chrome/51.0.2704.103 Safari/537.36"
[2016-07-12 18:30:30.202] [INFO] normal - ::1 - - "GET / HTTP/1.1" 304 - "" "Mozilla/5.0 (Macintosh; Intel Mac OS X 10_10_2) AppleWebKit/537.36 (KHTML, like Gecko) Chrome/51.0.2704.103 Safari/537.36"
[2016-07-12 18:30:30.261] [INFO] normal - ::1 - - "GET /stylesheets/style.css HTTP/1.1" 404 9 "http://localhost:3000/" "Mozilla/5.0 (Macintosh; Intel Mac OS X 10_10_2) AppleWebKit/537.36 (KHTML, like Gecko) Chrome/51.0.2704.103 Safari/537.36"
[2016-07-12 18:36:01.206] [INFO] normal - ::1 - - "GET / HTTP/1.1" 200 482 "" "Mozilla/5.0 (Macintosh; Intel Mac OS X 10_10_2) AppleWebKit/537.36 (KHTML, like Gecko) Chrome/51.0.2704.103 Safari/537.36"
[2016-07-12 18:36:01.308] [INFO] normal - ::1 - - "GET /stylesheets/style.css HTTP/1.1" 404 9 "http://localhost:3000/" "Mozilla/5.0 (Macintosh; Intel Mac OS X 10_10_2) AppleWebKit/537.36 (KHTML, like Gecko) Chrome/51.0.2704.103 Safari/537.36"
[2016-07-12 18:36:02.689] [INFO] normal - ::1 - - "GET / HTTP/1.1" 304 - "" "Mozilla/5.0 (Macintosh; Intel Mac OS X 10_10_2) AppleWebKit/537.36 (KHTML, like Gecko) Chrome/51.0.2704.103 Safari/537.36"
[2016-07-12 18:36:02.798] [INFO] normal - ::1 - - "GET /stylesheets/style.css HTTP/1.1" 404 9 "http://localhost:3000/" "Mozilla/5.0 (Macintosh; Intel Mac OS X 10_10_2) AppleWebKit/537.36 (KHTML, like Gecko) Chrome/51.0.2704.103 Safari/537.36"
[2016-07-12 18:36:03.683] [INFO] normal - ::1 - - "GET / HTTP/1.1" 304 - "" "Mozilla/5.0 (Macintosh; Intel Mac OS X 10_10_2) AppleWebKit/537.36 (KHTML, like Gecko) Chrome/51.0.2704.103 Safari/537.36"
[2016-07-12 18:36:03.734] [INFO] normal - ::1 - - "GET /stylesheets/style.css HTTP/1.1" 404 9 "http://localhost:3000/" "Mozilla/5.0 (Macintosh; Intel Mac OS X 10_10_2) AppleWebKit/537.36 (KHTML, like Gecko) Chrome/51.0.2704.103 Safari/537.36"
[2016-07-12 18:36:04.715] [INFO] normal - ::1 - - "GET / HTTP/1.1" 304 - "" "Mozilla/5.0 (Macintosh; Intel Mac OS X 10_10_2) AppleWebKit/537.36 (KHTML, like Gecko) Chrome/51.0.2704.103 Safari/537.36"
[2016-07-12 18:36:04.760] [INFO] normal - ::1 - - "GET /stylesheets/style.css HTTP/1.1" 404 9 "http://localhost:3000/" "Mozilla/5.0 (Macintosh; Intel Mac OS X 10_10_2) AppleWebKit/537.36 (KHTML, like Gecko) Chrome/51.0.2704.103 Safari/537.36"
[2016-07-12 18:36:29.381] [INFO] normal - ::1 - - "GET / HTTP/1.1" 200 491 "" "Mozilla/5.0 (Macintosh; Intel Mac OS X 10_10_2) AppleWebKit/537.36 (KHTML, like Gecko) Chrome/51.0.2704.103 Safari/537.36"
[2016-07-12 18:36:29.508] [INFO] normal - ::1 - - "GET /stylesheets/style.css HTTP/1.1" 404 9 "http://localhost:3000/" "Mozilla/5.0 (Macintosh; Intel Mac OS X 10_10_2) AppleWebKit/537.36 (KHTML, like Gecko) Chrome/51.0.2704.103 Safari/537.36"
[2016-07-12 18:36:41.363] [INFO] normal - ::1 - - "GET /stylesheets/style.css HTTP/1.1" 404 9 "http://localhost:3000/" "Mozilla/5.0 (Macintosh; Intel Mac OS X 10_10_2) AppleWebKit/537.36 (KHTML, like Gecko) Chrome/51.0.2704.103 Safari/537.36"
[2016-07-12 18:37:02.006] [INFO] normal - ::1 - - "GET / HTTP/1.1" 200 491 "" "Mozilla/5.0 (iPhone; CPU iPhone OS 9_1 like Mac OS X) AppleWebKit/601.1.46 (KHTML, like Gecko) Version/9.0 Mobile/13B143 Safari/601.1"
[2016-07-12 18:37:02.147] [INFO] normal - ::1 - - "GET /stylesheets/style.css HTTP/1.1" 404 9 "http://localhost:3000/" "Mozilla/5.0 (iPhone; CPU iPhone OS 9_1 like Mac OS X) AppleWebKit/601.1.46 (KHTML, like Gecko) Version/9.0 Mobile/13B143 Safari/601.1"
[2016-07-12 18:37:07.541] [INFO] normal - ::1 - - "GET / HTTP/1.1" 200 201 "" "Mozilla/5.0 (iPhone; CPU iPhone OS 9_1 like Mac OS X) AppleWebKit/601.1.46 (KHTML, like Gecko) Version/9.0 Mobile/13B143 Safari/601.1"
[2016-07-12 18:37:07.667] [INFO] normal - ::1 - - "GET /stylesheets/style.css HTTP/1.1" 404 9 "http://localhost:3000/" "Mozilla/5.0 (iPhone; CPU iPhone OS 9_1 like Mac OS X) AppleWebKit/601.1.46 (KHTML, like Gecko) Version/9.0 Mobile/13B143 Safari/601.1"
[2016-07-12 18:38:04.286] [INFO] normal - ::1 - - "GET / HTTP/1.1" 304 - "" "Mozilla/5.0 (Macintosh; Intel Mac OS X 10_10_2) AppleWebKit/537.36 (KHTML, like Gecko) Chrome/51.0.2704.103 Safari/537.36"
[2016-07-12 18:38:04.413] [INFO] normal - ::1 - - "GET /stylesheets/style.css HTTP/1.1" 404 9 "http://localhost:3000/" "Mozilla/5.0 (Macintosh; Intel Mac OS X 10_10_2) AppleWebKit/537.36 (KHTML, like Gecko) Chrome/51.0.2704.103 Safari/537.36"
[2016-07-12 18:38:09.460] [INFO] normal - ::1 - - "GET / HTTP/1.1" 304 - "" "Mozilla/5.0 (Macintosh; Intel Mac OS X 10_10_2) AppleWebKit/537.36 (KHTML, like Gecko) Chrome/51.0.2704.103 Safari/537.36"
[2016-07-12 18:38:09.568] [INFO] normal - ::1 - - "GET /stylesheets/style.css HTTP/1.1" 404 9 "http://localhost:3000/" "Mozilla/5.0 (Macintosh; Intel Mac OS X 10_10_2) AppleWebKit/537.36 (KHTML, like Gecko) Chrome/51.0.2704.103 Safari/537.36"
[2016-07-12 18:38:14.307] [INFO] normal - ::1 - - "GET / HTTP/1.1" 304 - "" "Mozilla/5.0 (Macintosh; Intel Mac OS X 10_10_2) AppleWebKit/537.36 (KHTML, like Gecko) Chrome/51.0.2704.103 Safari/537.36"
[2016-07-12 18:38:15.012] [INFO] normal - ::1 - - "GET / HTTP/1.1" 304 - "" "Mozilla/5.0 (Macintosh; Intel Mac OS X 10_10_2) AppleWebKit/537.36 (KHTML, like Gecko) Chrome/51.0.2704.103 Safari/537.36"
[2016-07-12 18:38:22.624] [INFO] normal - ::1 - - "GET / HTTP/1.1" 304 - "" "Mozilla/5.0 (Macintosh; Intel Mac OS X 10_10_2) AppleWebKit/537.36 (KHTML, like Gecko) Chrome/51.0.2704.103 Safari/537.36"
[2016-07-12 18:38:23.302] [INFO] normal - ::1 - - "GET / HTTP/1.1" 304 - "" "Mozilla/5.0 (Macintosh; Intel Mac OS X 10_10_2) AppleWebKit/537.36 (KHTML, like Gecko) Chrome/51.0.2704.103 Safari/537.36"
[2016-07-12 18:39:04.580] [INFO] normal - ::1 - - "GET / HTTP/1.1" 200 200 "" "Mozilla/5.0 (Macintosh; Intel Mac OS X 10_10_2) AppleWebKit/537.36 (KHTML, like Gecko) Chrome/51.0.2704.103 Safari/537.36"
[2016-07-12 18:39:04.693] [INFO] normal - ::1 - - "GET /static/css/style.css HTTP/1.1" 200 18 "http://localhost:3000/" "Mozilla/5.0 (Macintosh; Intel Mac OS X 10_10_2) AppleWebKit/537.36 (KHTML, like Gecko) Chrome/51.0.2704.103 Safari/537.36"
[2016-07-12 18:39:05.854] [INFO] normal - ::1 - - "GET / HTTP/1.1" 304 - "" "Mozilla/5.0 (Macintosh; Intel Mac OS X 10_10_2) AppleWebKit/537.36 (KHTML, like Gecko) Chrome/51.0.2704.103 Safari/537.36"
[2016-07-12 18:39:05.945] [INFO] normal - ::1 - - "GET /static/css/style.css HTTP/1.1" 304 - "http://localhost:3000/" "Mozilla/5.0 (Macintosh; Intel Mac OS X 10_10_2) AppleWebKit/537.36 (KHTML, like Gecko) Chrome/51.0.2704.103 Safari/537.36"
[2016-07-12 18:39:08.760] [INFO] normal - ::1 - - "GET /static/css/style.css HTTP/1.1" 304 - "" "Mozilla/5.0 (Macintosh; Intel Mac OS X 10_10_2) AppleWebKit/537.36 (KHTML, like Gecko) Chrome/51.0.2704.103 Safari/537.36"
[2016-07-12 23:56:13.237] [INFO] normal - ::1 - - "GET / HTTP/1.1" 304 - "" "Mozilla/5.0 (Macintosh; Intel Mac OS X 10_10_2) AppleWebKit/537.36 (KHTML, like Gecko) Chrome/51.0.2704.103 Safari/537.36"
[2016-07-12 23:56:13.379] [INFO] normal - ::1 - - "GET /static/css/style.css HTTP/1.1" 304 - "http://localhost:3000/" "Mozilla/5.0 (Macintosh; Intel Mac OS X 10_10_2) AppleWebKit/537.36 (KHTML, like Gecko) Chrome/51.0.2704.103 Safari/537.36"
[2016-07-12 23:56:13.562] [INFO] normal - ::1 - - "GET /favicon.ico HTTP/1.1" 404 9 "http://localhost:3000/" "Mozilla/5.0 (Macintosh; Intel Mac OS X 10_10_2) AppleWebKit/537.36 (KHTML, like Gecko) Chrome/51.0.2704.103 Safari/537.36"
[2016-07-12 23:56:14.580] [INFO] normal - ::1 - - "GET / HTTP/1.1" 304 - "" "Mozilla/5.0 (Macintosh; Intel Mac OS X 10_10_2) AppleWebKit/537.36 (KHTML, like Gecko) Chrome/51.0.2704.103 Safari/537.36"
[2016-07-12 23:56:14.663] [INFO] normal - ::1 - - "GET /static/css/style.css HTTP/1.1" 304 - "http://localhost:3000/" "Mozilla/5.0 (Macintosh; Intel Mac OS X 10_10_2) AppleWebKit/537.36 (KHTML, like Gecko) Chrome/51.0.2704.103 Safari/537.36"
[2016-07-12 23:56:16.009] [INFO] normal - ::1 - - "GET / HTTP/1.1" 304 - "" "Mozilla/5.0 (Macintosh; Intel Mac OS X 10_10_2) AppleWebKit/537.36 (KHTML, like Gecko) Chrome/51.0.2704.103 Safari/537.36"
[2016-07-12 23:56:16.051] [INFO] normal - ::1 - - "GET /static/css/style.css HTTP/1.1" 304 - "http://localhost:3000/" "Mozilla/5.0 (Macintosh; Intel Mac OS X 10_10_2) AppleWebKit/537.36 (KHTML, like Gecko) Chrome/51.0.2704.103 Safari/537.36"
[2016-07-12 23:58:55.503] [INFO] normal - ::1 - - "GET / HTTP/1.1" 304 - "" "Mozilla/5.0 (Macintosh; Intel Mac OS X 10_10_2) AppleWebKit/537.36 (KHTML, like Gecko) Chrome/51.0.2704.103 Safari/537.36"
[2016-07-12 23:58:55.615] [INFO] normal - ::1 - - "GET /static/css/style.css HTTP/1.1" 304 - "http://localhost:3000/" "Mozilla/5.0 (Macintosh; Intel Mac OS X 10_10_2) AppleWebKit/537.36 (KHTML, like Gecko) Chrome/51.0.2704.103 Safari/537.36"
[2016-07-12 23:58:56.481] [INFO] normal - ::1 - - "GET / HTTP/1.1" 304 - "" "Mozilla/5.0 (Macintosh; Intel Mac OS X 10_10_2) AppleWebKit/537.36 (KHTML, like Gecko) Chrome/51.0.2704.103 Safari/537.36"
[2016-07-12 23:58:56.570] [INFO] normal - ::1 - - "GET /static/css/style.css HTTP/1.1" 304 - "http://localhost:3000/" "Mozilla/5.0 (Macintosh; Intel Mac OS X 10_10_2) AppleWebKit/537.36 (KHTML, like Gecko) Chrome/51.0.2704.103 Safari/537.36"
[2016-07-13 11:10:45.916] [INFO] normal - ::1 - - "GET / HTTP/1.1" 304 - "" "Mozilla/5.0 (Macintosh; Intel Mac OS X 10_10_2) AppleWebKit/537.36 (KHTML, like Gecko) Chrome/51.0.2704.103 Safari/537.36"
[2016-07-13 11:10:46.077] [INFO] normal - ::1 - - "GET /static/css/style.css HTTP/1.1" 304 - "http://localhost:3000/" "Mozilla/5.0 (Macintosh; Intel Mac OS X 10_10_2) AppleWebKit/537.36 (KHTML, like Gecko) Chrome/51.0.2704.103 Safari/537.36"
[2016-07-13 11:10:47.421] [INFO] normal - ::1 - - "GET / HTTP/1.1" 304 - "" "Mozilla/5.0 (Macintosh; Intel Mac OS X 10_10_2) AppleWebKit/537.36 (KHTML, like Gecko) Chrome/51.0.2704.103 Safari/537.36"
[2016-07-13 11:10:47.507] [INFO] normal - ::1 - - "GET /static/css/style.css HTTP/1.1" 304 - "http://localhost:3000/" "Mozilla/5.0 (Macintosh; Intel Mac OS X 10_10_2) AppleWebKit/537.36 (KHTML, like Gecko) Chrome/51.0.2704.103 Safari/537.36"
[2016-07-13 22:56:59.337] [INFO] normal - ::1 - - "GET / HTTP/1.1" 304 - "" "Mozilla/5.0 (Macintosh; Intel Mac OS X 10_10_2) AppleWebKit/537.36 (KHTML, like Gecko) Chrome/51.0.2704.103 Safari/537.36"
[2016-07-13 22:56:59.493] [INFO] normal - ::1 - - "GET /static/css/style.css HTTP/1.1" 304 - "http://localhost:3000/" "Mozilla/5.0 (Macintosh; Intel Mac OS X 10_10_2) AppleWebKit/537.36 (KHTML, like Gecko) Chrome/51.0.2704.103 Safari/537.36"
[2016-07-13 23:00:15.220] [INFO] normal - ::1 - - "GET /api/getposts/?json=true&page=1&size=10 HTTP/1.1" 200 6319 "" "Mozilla/5.0 (Macintosh; Intel Mac OS X 10_10_2) AppleWebKit/537.36 (KHTML, like Gecko) Chrome/51.0.2704.103 Safari/537.36"
[2016-07-13 23:01:16.112] [INFO] normal - ::1 - - "GET /api/getposts/?json=true&page=1&size=10 HTTP/1.1" 304 - "" "Mozilla/5.0 (Macintosh; Intel Mac OS X 10_10_2) AppleWebKit/537.36 (KHTML, like Gecko) Chrome/51.0.2704.103 Safari/537.36"
[2016-07-13 23:01:17.407] [INFO] normal - ::1 - - "GET /api/getposts/?json=true&page=1&size=10 HTTP/1.1" 304 - "" "Mozilla/5.0 (Macintosh; Intel Mac OS X 10_10_2) AppleWebKit/537.36 (KHTML, like Gecko) Chrome/51.0.2704.103 Safari/537.36"
[2016-07-13 23:03:44.973] [INFO] normal - ::1 - - "GET /api/getposts/?json=true&page=1&size=10 HTTP/1.1" 304 - "" "Mozilla/5.0 (Macintosh; Intel Mac OS X 10_10_2) AppleWebKit/537.36 (KHTML, like Gecko) Chrome/51.0.2704.103 Safari/537.36"
[2016-07-13 23:03:46.333] [INFO] normal - ::1 - - "GET /api/getposts/?json=true&page=1&size=10 HTTP/1.1" 304 - "" "Mozilla/5.0 (Macintosh; Intel Mac OS X 10_10_2) AppleWebKit/537.36 (KHTML, like Gecko) Chrome/51.0.2704.103 Safari/537.36"
[2016-07-13 23:03:50.975] [INFO] normal - ::1 - - "GET /api/getposts/page=1&size=10 HTTP/1.1" 404 9 "" "Mozilla/5.0 (Macintosh; Intel Mac OS X 10_10_2) AppleWebKit/537.36 (KHTML, like Gecko) Chrome/51.0.2704.103 Safari/537.36"
[2016-07-13 23:06:28.750] [INFO] normal - ::1 - - "GET /api/getposts/?page=1&size=10 HTTP/1.1" 500 - "" "Mozilla/5.0 (Macintosh; Intel Mac OS X 10_10_2) AppleWebKit/537.36 (KHTML, like Gecko) Chrome/51.0.2704.103 Safari/537.36"
[2016-07-13 23:10:35.359] [INFO] normal - ::1 - - "GET / HTTP/1.1" 304 - "" "Mozilla/5.0 (Macintosh; Intel Mac OS X 10_10_2) AppleWebKit/537.36 (KHTML, like Gecko) Chrome/51.0.2704.103 Safari/537.36"
[2016-07-13 23:10:36.037] [INFO] normal - ::1 - - "GET /static/css/style.css HTTP/1.1" 304 - "http://localhost:3000/" "Mozilla/5.0 (Macintosh; Intel Mac OS X 10_10_2) AppleWebKit/537.36 (KHTML, like Gecko) Chrome/51.0.2704.103 Safari/537.36"
[2016-07-13 23:11:39.369] [INFO] normal - ::1 - - "GET / HTTP/1.1" 304 - "" "Mozilla/5.0 (Macintosh; Intel Mac OS X 10_10_2) AppleWebKit/537.36 (KHTML, like Gecko) Chrome/51.0.2704.103 Safari/537.36"
[2016-07-13 23:11:39.491] [INFO] normal - ::1 - - "GET /static/css/style.css HTTP/1.1" 304 - "http://localhost:3000/" "Mozilla/5.0 (Macintosh; Intel Mac OS X 10_10_2) AppleWebKit/537.36 (KHTML, like Gecko) Chrome/51.0.2704.103 Safari/537.36"
[2016-07-13 23:11:40.343] [INFO] normal - ::1 - - "GET / HTTP/1.1" 304 - "" "Mozilla/5.0 (Macintosh; Intel Mac OS X 10_10_2) AppleWebKit/537.36 (KHTML, like Gecko) Chrome/51.0.2704.103 Safari/537.36"
[2016-07-13 23:11:40.445] [INFO] normal - ::1 - - "GET /static/css/style.css HTTP/1.1" 304 - "http://localhost:3000/" "Mozilla/5.0 (Macintosh; Intel Mac OS X 10_10_2) AppleWebKit/537.36 (KHTML, like Gecko) Chrome/51.0.2704.103 Safari/537.36"
[2016-07-13 23:11:44.017] [INFO] normal - ::1 - - "GET / HTTP/1.1" 304 - "" "Mozilla/5.0 (Macintosh; Intel Mac OS X 10_10_2) AppleWebKit/537.36 (KHTML, like Gecko) Chrome/51.0.2704.103 Safari/537.36"
[2016-07-13 23:11:44.071] [INFO] normal - ::1 - - "GET /static/css/style.css HTTP/1.1" 304 - "http://localhost:3000/" "Mozilla/5.0 (Macintosh; Intel Mac OS X 10_10_2) AppleWebKit/537.36 (KHTML, like Gecko) Chrome/51.0.2704.103 Safari/537.36"
[2016-07-13 23:11:44.642] [INFO] normal - ::1 - - "GET / HTTP/1.1" 304 - "" "Mozilla/5.0 (Macintosh; Intel Mac OS X 10_10_2) AppleWebKit/537.36 (KHTML, like Gecko) Chrome/51.0.2704.103 Safari/537.36"
[2016-07-13 23:11:44.689] [INFO] normal - ::1 - - "GET /static/css/style.css HTTP/1.1" 304 - "http://localhost:3000/" "Mozilla/5.0 (Macintosh; Intel Mac OS X 10_10_2) AppleWebKit/537.36 (KHTML, like Gecko) Chrome/51.0.2704.103 Safari/537.36"
[2016-07-13 23:16:55.831] [INFO] normal - ::1 - - "GET / HTTP/1.1" 200 227 "" "Mozilla/5.0 (Macintosh; Intel Mac OS X 10_10_2) AppleWebKit/537.36 (KHTML, like Gecko) Chrome/51.0.2704.103 Safari/537.36"
[2016-07-13 23:16:55.962] [INFO] normal - ::1 - - "GET /static/css/style.css HTTP/1.1" 304 - "http://localhost:3000/" "Mozilla/5.0 (Macintosh; Intel Mac OS X 10_10_2) AppleWebKit/537.36 (KHTML, like Gecko) Chrome/51.0.2704.103 Safari/537.36"
[2016-07-13 23:16:57.426] [INFO] normal - ::1 - - "GET /static/css/style.css HTTP/1.1" 304 - "http://localhost:3000/" "Mozilla/5.0 (Macintosh; Intel Mac OS X 10_10_2) AppleWebKit/537.36 (KHTML, like Gecko) Chrome/51.0.2704.103 Safari/537.36"
[2016-07-13 23:16:58.834] [INFO] normal - ::1 - - "GET / HTTP/1.1" 200 227 "" "Mozilla/5.0 (iPhone; CPU iPhone OS 9_1 like Mac OS X) AppleWebKit/601.1.46 (KHTML, like Gecko) Version/9.0 Mobile/13B143 Safari/601.1"
[2016-07-13 23:16:58.970] [INFO] normal - ::1 - - "GET /static/css/style.css HTTP/1.1" 200 18 "http://localhost:3000/" "Mozilla/5.0 (iPhone; CPU iPhone OS 9_1 like Mac OS X) AppleWebKit/601.1.46 (KHTML, like Gecko) Version/9.0 Mobile/13B143 Safari/601.1"
[2016-07-13 23:17:00.052] [INFO] normal - ::1 - - "GET / HTTP/1.1" 200 227 "" "Mozilla/5.0 (iPhone; CPU iPhone OS 9_1 like Mac OS X) AppleWebKit/601.1.46 (KHTML, like Gecko) Version/9.0 Mobile/13B143 Safari/601.1"
[2016-07-13 23:17:00.164] [INFO] normal - ::1 - - "GET /static/css/style.css HTTP/1.1" 200 18 "http://localhost:3000/" "Mozilla/5.0 (iPhone; CPU iPhone OS 9_1 like Mac OS X) AppleWebKit/601.1.46 (KHTML, like Gecko) Version/9.0 Mobile/13B143 Safari/601.1"
[2016-07-13 23:19:50.397] [INFO] normal - ::1 - - "GET / HTTP/1.1" 200 227 "" "Mozilla/5.0 (Macintosh; Intel Mac OS X 10_10_2) AppleWebKit/537.36 (KHTML, like Gecko) Chrome/51.0.2704.103 Safari/537.36"
[2016-07-13 23:19:50.522] [INFO] normal - ::1 - - "GET /static/css/style.css HTTP/1.1" 200 18 "http://localhost:3000/" "Mozilla/5.0 (Macintosh; Intel Mac OS X 10_10_2) AppleWebKit/537.36 (KHTML, like Gecko) Chrome/51.0.2704.103 Safari/537.36"
[2016-07-13 23:19:51.363] [INFO] normal - ::1 - - "GET / HTTP/1.1" 200 227 "" "Mozilla/5.0 (Macintosh; Intel Mac OS X 10_10_2) AppleWebKit/537.36 (KHTML, like Gecko) Chrome/51.0.2704.103 Safari/537.36"
[2016-07-13 23:19:51.484] [INFO] normal - ::1 - - "GET /static/css/style.css HTTP/1.1" 200 18 "http://localhost:3000/" "Mozilla/5.0 (Macintosh; Intel Mac OS X 10_10_2) AppleWebKit/537.36 (KHTML, like Gecko) Chrome/51.0.2704.103 Safari/537.36"
[2016-07-13 23:19:52.314] [INFO] normal - ::1 - - "GET / HTTP/1.1" 200 227 "" "Mozilla/5.0 (Macintosh; Intel Mac OS X 10_10_2) AppleWebKit/537.36 (KHTML, like Gecko) Chrome/51.0.2704.103 Safari/537.36"
[2016-07-13 23:19:52.418] [INFO] normal - ::1 - - "GET /static/css/style.css HTTP/1.1" 200 18 "http://localhost:3000/" "Mozilla/5.0 (Macintosh; Intel Mac OS X 10_10_2) AppleWebKit/537.36 (KHTML, like Gecko) Chrome/51.0.2704.103 Safari/537.36"
[2016-07-13 23:20:00.327] [INFO] normal - ::1 - - "GET / HTTP/1.1" 200 227 "" "Mozilla/5.0 (Macintosh; Intel Mac OS X 10_10_2) AppleWebKit/537.36 (KHTML, like Gecko) Chrome/51.0.2704.103 Safari/537.36"
[2016-07-13 23:20:00.436] [INFO] normal - ::1 - - "GET /static/css/style.css HTTP/1.1" 200 18 "http://localhost:3000/" "Mozilla/5.0 (Macintosh; Intel Mac OS X 10_10_2) AppleWebKit/537.36 (KHTML, like Gecko) Chrome/51.0.2704.103 Safari/537.36"
[2016-07-13 23:27:02.159] [INFO] normal - ::1 - - "GET / HTTP/1.1" 200 227 "" "Mozilla/5.0 (Macintosh; Intel Mac OS X 10_10_2) AppleWebKit/537.36 (KHTML, like Gecko) Chrome/51.0.2704.103 Safari/537.36"
[2016-07-13 23:27:02.300] [INFO] normal - ::1 - - "GET /static/css/style.css HTTP/1.1" 200 18 "http://localhost:3000/" "Mozilla/5.0 (Macintosh; Intel Mac OS X 10_10_2) AppleWebKit/537.36 (KHTML, like Gecko) Chrome/51.0.2704.103 Safari/537.36"
[2016-07-13 23:27:03.150] [INFO] normal - ::1 - - "GET / HTTP/1.1" 200 227 "" "Mozilla/5.0 (Macintosh; Intel Mac OS X 10_10_2) AppleWebKit/537.36 (KHTML, like Gecko) Chrome/51.0.2704.103 Safari/537.36"
[2016-07-13 23:27:03.271] [INFO] normal - ::1 - - "GET /static/css/style.css HTTP/1.1" 200 18 "http://localhost:3000/" "Mozilla/5.0 (Macintosh; Intel Mac OS X 10_10_2) AppleWebKit/537.36 (KHTML, like Gecko) Chrome/51.0.2704.103 Safari/537.36"
[2016-07-13 23:28:48.641] [INFO] normal - ::1 - - "GET / HTTP/1.1" 200 227 "" "Mozilla/5.0 (Macintosh; Intel Mac OS X 10_10_2) AppleWebKit/537.36 (KHTML, like Gecko) Chrome/51.0.2704.103 Safari/537.36"
[2016-07-13 23:28:48.766] [INFO] normal - ::1 - - "GET /static/css/style.css HTTP/1.1" 200 18 "http://localhost:3000/" "Mozilla/5.0 (Macintosh; Intel Mac OS X 10_10_2) AppleWebKit/537.36 (KHTML, like Gecko) Chrome/51.0.2704.103 Safari/537.36"
[2016-07-13 23:28:49.640] [INFO] normal - ::1 - - "GET / HTTP/1.1" 200 227 "" "Mozilla/5.0 (Macintosh; Intel Mac OS X 10_10_2) AppleWebKit/537.36 (KHTML, like Gecko) Chrome/51.0.2704.103 Safari/537.36"
[2016-07-13 23:28:49.753] [INFO] normal - ::1 - - "GET /static/css/style.css HTTP/1.1" 200 18 "http://localhost:3000/" "Mozilla/5.0 (Macintosh; Intel Mac OS X 10_10_2) AppleWebKit/537.36 (KHTML, like Gecko) Chrome/51.0.2704.103 Safari/537.36"
[2016-07-13 23:28:50.295] [INFO] normal - ::1 - - "GET / HTTP/1.1" 200 227 "" "Mozilla/5.0 (Macintosh; Intel Mac OS X 10_10_2) AppleWebKit/537.36 (KHTML, like Gecko) Chrome/51.0.2704.103 Safari/537.36"
[2016-07-13 23:28:50.404] [INFO] normal - ::1 - - "GET /static/css/style.css HTTP/1.1" 200 18 "http://localhost:3000/" "Mozilla/5.0 (Macintosh; Intel Mac OS X 10_10_2) AppleWebKit/537.36 (KHTML, like Gecko) Chrome/51.0.2704.103 Safari/537.36"
[2016-07-13 23:28:50.687] [INFO] normal - ::1 - - "GET / HTTP/1.1" 200 227 "" "Mozilla/5.0 (Macintosh; Intel Mac OS X 10_10_2) AppleWebKit/537.36 (KHTML, like Gecko) Chrome/51.0.2704.103 Safari/537.36"
[2016-07-13 23:28:50.817] [INFO] normal - ::1 - - "GET /static/css/style.css HTTP/1.1" 200 18 "http://localhost:3000/" "Mozilla/5.0 (Macintosh; Intel Mac OS X 10_10_2) AppleWebKit/537.36 (KHTML, like Gecko) Chrome/51.0.2704.103 Safari/537.36"
[2016-07-13 23:30:45.224] [INFO] normal - ::1 - - "GET / HTTP/1.1" 200 1025 "" "Mozilla/5.0 (Macintosh; Intel Mac OS X 10_10_2) AppleWebKit/537.36 (KHTML, like Gecko) Chrome/51.0.2704.103 Safari/537.36"
[2016-07-13 23:30:45.364] [INFO] normal - ::1 - - "GET /static/css/style.css HTTP/1.1" 200 18 "http://localhost:3000/" "Mozilla/5.0 (Macintosh; Intel Mac OS X 10_10_2) AppleWebKit/537.36 (KHTML, like Gecko) Chrome/51.0.2704.103 Safari/537.36"
[2016-07-13 23:31:14.945] [INFO] normal - ::1 - - "GET /api/getposts/?page=1&size=10 HTTP/1.1" 500 - "" "Mozilla/5.0 (Macintosh; Intel Mac OS X 10_10_2) AppleWebKit/537.36 (KHTML, like Gecko) Chrome/51.0.2704.103 Safari/537.36"
[2016-07-13 23:31:21.397] [INFO] normal - ::1 - - "GET /api/getposts/?page=1&size=10&json=true HTTP/1.1" 200 6319 "" "Mozilla/5.0 (Macintosh; Intel Mac OS X 10_10_2) AppleWebKit/537.36 (KHTML, like Gecko) Chrome/51.0.2704.103 Safari/537.36"
[2016-07-13 23:36:26.479] [INFO] normal - ::1 - - "GET /api/getposts/?page=1&size=10&json=true HTTP/1.1" 304 - "" "Mozilla/5.0 (Macintosh; Intel Mac OS X 10_10_2) AppleWebKit/537.36 (KHTML, like Gecko) Chrome/51.0.2704.103 Safari/537.36"
[2016-07-13 23:37:28.955] [INFO] normal - ::1 - - "GET / HTTP/1.1" 200 16349 "" "Mozilla/5.0 (Macintosh; Intel Mac OS X 10_10_2) AppleWebKit/537.36 (KHTML, like Gecko) Chrome/51.0.2704.103 Safari/537.36"
[2016-07-13 23:37:29.143] [INFO] normal - ::1 - - "GET /static/css/style.css HTTP/1.1" 200 18 "http://localhost:3000/" "Mozilla/5.0 (Macintosh; Intel Mac OS X 10_10_2) AppleWebKit/537.36 (KHTML, like Gecko) Chrome/51.0.2704.103 Safari/537.36"
[2016-07-13 23:38:29.847] [INFO] normal - ::1 - - "GET / HTTP/1.1" 200 4396 "" "Mozilla/5.0 (Macintosh; Intel Mac OS X 10_10_2) AppleWebKit/537.36 (KHTML, like Gecko) Chrome/51.0.2704.103 Safari/537.36"
[2016-07-13 23:38:29.998] [INFO] normal - ::1 - - "GET /static/css/style.css HTTP/1.1" 304 - "http://localhost:3000/" "Mozilla/5.0 (Macintosh; Intel Mac OS X 10_10_2) AppleWebKit/537.36 (KHTML, like Gecko) Chrome/51.0.2704.103 Safari/537.36"
[2016-07-13 23:38:31.430] [INFO] normal - ::1 - - "GET / HTTP/1.1" 304 - "" "Mozilla/5.0 (Macintosh; Intel Mac OS X 10_10_2) AppleWebKit/537.36 (KHTML, like Gecko) Chrome/51.0.2704.103 Safari/537.36"
[2016-07-13 23:38:31.524] [INFO] normal - ::1 - - "GET /static/css/style.css HTTP/1.1" 304 - "http://localhost:3000/" "Mozilla/5.0 (Macintosh; Intel Mac OS X 10_10_2) AppleWebKit/537.36 (KHTML, like Gecko) Chrome/51.0.2704.103 Safari/537.36"
[2016-07-14 10:44:45.826] [INFO] normal - ::1 - - "GET /api/getposts/?page=1&size=10&json=true HTTP/1.1" 200 7497 "" "Mozilla/5.0 (Macintosh; Intel Mac OS X 10_10_2) AppleWebKit/537.36 (KHTML, like Gecko) Chrome/51.0.2704.103 Safari/537.36"
[2016-07-14 10:49:23.372] [INFO] normal - ::1 - - "GET / HTTP/1.1" 304 - "" "Mozilla/5.0 (Macintosh; Intel Mac OS X 10_10_2) AppleWebKit/537.36 (KHTML, like Gecko) Chrome/51.0.2704.103 Safari/537.36"
[2016-07-14 10:49:23.551] [INFO] normal - ::1 - - "GET /static/css/style.css HTTP/1.1" 304 - "http://localhost:3000/" "Mozilla/5.0 (Macintosh; Intel Mac OS X 10_10_2) AppleWebKit/537.36 (KHTML, like Gecko) Chrome/51.0.2704.103 Safari/537.36"
[2016-07-14 10:49:24.901] [INFO] normal - ::1 - - "GET / HTTP/1.1" 304 - "" "Mozilla/5.0 (Macintosh; Intel Mac OS X 10_10_2) AppleWebKit/537.36 (KHTML, like Gecko) Chrome/51.0.2704.103 Safari/537.36"
[2016-07-14 10:49:25.004] [INFO] normal - ::1 - - "GET /static/css/style.css HTTP/1.1" 304 - "http://localhost:3000/" "Mozilla/5.0 (Macintosh; Intel Mac OS X 10_10_2) AppleWebKit/537.36 (KHTML, like Gecko) Chrome/51.0.2704.103 Safari/537.36"
[2016-07-14 10:49:26.554] [INFO] normal - ::1 - - "GET /api/getposts/?page=1&size=10&json=true HTTP/1.1" 304 - "" "Mozilla/5.0 (Macintosh; Intel Mac OS X 10_10_2) AppleWebKit/537.36 (KHTML, like Gecko) Chrome/51.0.2704.103 Safari/537.36"
[2016-07-14 11:29:27.417] [INFO] normal - ::1 - - "GET / HTTP/1.1" 304 - "" "Mozilla/5.0 (Macintosh; Intel Mac OS X 10_10_2) AppleWebKit/537.36 (KHTML, like Gecko) Chrome/51.0.2704.103 Safari/537.36"
[2016-07-14 11:29:27.552] [INFO] normal - ::1 - - "GET /static/css/style.css HTTP/1.1" 304 - "http://localhost:3000/" "Mozilla/5.0 (Macintosh; Intel Mac OS X 10_10_2) AppleWebKit/537.36 (KHTML, like Gecko) Chrome/51.0.2704.103 Safari/537.36"
[2016-07-14 11:29:28.213] [INFO] normal - ::1 - - "GET / HTTP/1.1" 304 - "" "Mozilla/5.0 (Macintosh; Intel Mac OS X 10_10_2) AppleWebKit/537.36 (KHTML, like Gecko) Chrome/51.0.2704.103 Safari/537.36"
[2016-07-14 11:29:28.312] [INFO] normal - ::1 - - "GET /static/css/style.css HTTP/1.1" 304 - "http://localhost:3000/" "Mozilla/5.0 (Macintosh; Intel Mac OS X 10_10_2) AppleWebKit/537.36 (KHTML, like Gecko) Chrome/51.0.2704.103 Safari/537.36"
[2016-07-14 11:30:38.809] [INFO] normal - ::1 - - "GET / HTTP/1.1" 200 4341 "" "Mozilla/5.0 (Macintosh; Intel Mac OS X 10_10_2) AppleWebKit/537.36 (KHTML, like Gecko) Chrome/51.0.2704.103 Safari/537.36"
[2016-07-14 11:30:38.920] [INFO] normal - ::1 - - "GET /static/css/style.css HTTP/1.1" 304 - "http://localhost:3000/" "Mozilla/5.0 (Macintosh; Intel Mac OS X 10_10_2) AppleWebKit/537.36 (KHTML, like Gecko) Chrome/51.0.2704.103 Safari/537.36"
[2016-07-14 11:30:40.338] [INFO] normal - ::1 - - "GET / HTTP/1.1" 304 - "" "Mozilla/5.0 (Macintosh; Intel Mac OS X 10_10_2) AppleWebKit/537.36 (KHTML, like Gecko) Chrome/51.0.2704.103 Safari/537.36"
[2016-07-14 11:30:40.435] [INFO] normal - ::1 - - "GET /static/css/style.css HTTP/1.1" 304 - "http://localhost:3000/" "Mozilla/5.0 (Macintosh; Intel Mac OS X 10_10_2) AppleWebKit/537.36 (KHTML, like Gecko) Chrome/51.0.2704.103 Safari/537.36"
[2016-07-14 11:31:42.822] [INFO] normal - ::1 - - "GET / HTTP/1.1" 304 - "" "Mozilla/5.0 (Macintosh; Intel Mac OS X 10_10_2) AppleWebKit/537.36 (KHTML, like Gecko) Chrome/51.0.2704.103 Safari/537.36"
[2016-07-14 11:31:42.924] [INFO] normal - ::1 - - "GET /static/css/style.css HTTP/1.1" 304 - "http://localhost:3000/" "Mozilla/5.0 (Macintosh; Intel Mac OS X 10_10_2) AppleWebKit/537.36 (KHTML, like Gecko) Chrome/51.0.2704.103 Safari/537.36"
[2016-07-14 13:34:09.217] [INFO] normal - ::1 - - "GET / HTTP/1.1" 304 - "" "Mozilla/5.0 (Macintosh; Intel Mac OS X 10_10_2) AppleWebKit/537.36 (KHTML, like Gecko) Chrome/51.0.2704.103 Safari/537.36"
[2016-07-14 13:34:09.434] [INFO] normal - ::1 - - "GET /static/css/style.css HTTP/1.1" 304 - "http://localhost:3000/" "Mozilla/5.0 (Macintosh; Intel Mac OS X 10_10_2) AppleWebKit/537.36 (KHTML, like Gecko) Chrome/51.0.2704.103 Safari/537.36"
[2016-08-11 18:43:57.613] [INFO] normal - ::1 - - "GET /api/getposts/ HTTP/1.1" 500 - "" "Mozilla/5.0 (Macintosh; Intel Mac OS X 10_10_2) AppleWebKit/537.36 (KHTML, like Gecko) Chrome/51.0.2704.103 Safari/537.36"
[2016-08-11 18:43:58.010] [INFO] normal - ::1 - - "GET /favicon.ico HTTP/1.1" 404 9 "http://localhost:3000/api/getposts/" "Mozilla/5.0 (Macintosh; Intel Mac OS X 10_10_2) AppleWebKit/537.36 (KHTML, like Gecko) Chrome/51.0.2704.103 Safari/537.36"
[2016-08-11 18:44:12.149] [INFO] normal - ::1 - - "GET /api/getposts/?page=1&size=10 HTTP/1.1" 500 - "" "Mozilla/5.0 (Macintosh; Intel Mac OS X 10_10_2) AppleWebKit/537.36 (KHTML, like Gecko) Chrome/51.0.2704.103 Safari/537.36"
[2016-08-11 18:44:13.571] [INFO] normal - ::1 - - "GET /api/getposts/?page=1&size=10 HTTP/1.1" 500 - "" "Mozilla/5.0 (Macintosh; Intel Mac OS X 10_10_2) AppleWebKit/537.36 (KHTML, like Gecko) Chrome/51.0.2704.103 Safari/537.36"
[2016-08-11 18:44:14.545] [INFO] normal - ::1 - - "GET /api/getposts/?page=1&size=10 HTTP/1.1" 500 - "" "Mozilla/5.0 (Macintosh; Intel Mac OS X 10_10_2) AppleWebKit/537.36 (KHTML, like Gecko) Chrome/51.0.2704.103 Safari/537.36"
[2016-08-11 18:45:02.317] [INFO] normal - ::1 - - "GET /api/getposts/?page=1&size=10 HTTP/1.1" 500 - "" "Mozilla/5.0 (Macintosh; Intel Mac OS X 10_10_2) AppleWebKit/537.36 (KHTML, like Gecko) Chrome/51.0.2704.103 Safari/537.36"
[2016-08-11 18:45:04.386] [INFO] normal - ::1 - - "GET /api/getposts/?page=1&size=10 HTTP/1.1" 500 - "" "Mozilla/5.0 (Macintosh; Intel Mac OS X 10_10_2) AppleWebKit/537.36 (KHTML, like Gecko) Chrome/51.0.2704.103 Safari/537.36"
[2016-08-11 18:47:24.660] [INFO] normal - ::1 - - "GET / HTTP/1.1" 200 4343 "" "Mozilla/5.0 (Macintosh; Intel Mac OS X 10_10_2) AppleWebKit/537.36 (KHTML, like Gecko) Chrome/51.0.2704.103 Safari/537.36"
[2016-08-11 18:47:25.441] [INFO] normal - ::1 - - "GET /static/css/style.css HTTP/1.1" 200 18 "http://localhost:3000/" "Mozilla/5.0 (Macintosh; Intel Mac OS X 10_10_2) AppleWebKit/537.36 (KHTML, like Gecko) Chrome/51.0.2704.103 Safari/537.36"
[2016-08-11 18:50:51.530] [INFO] normal - ::1 - - "GET / HTTP/1.1" 304 - "" "Mozilla/5.0 (Macintosh; Intel Mac OS X 10_10_2) AppleWebKit/537.36 (KHTML, like Gecko) Chrome/51.0.2704.103 Safari/537.36"
[2016-08-11 18:50:51.749] [INFO] normal - ::1 - - "GET /static/css/style.css HTTP/1.1" 304 - "http://localhost:3000/" "Mozilla/5.0 (Macintosh; Intel Mac OS X 10_10_2) AppleWebKit/537.36 (KHTML, like Gecko) Chrome/51.0.2704.103 Safari/537.36"
[2016-08-11 18:50:57.557] [INFO] normal - ::1 - - "GET /api/getposts/ HTTP/1.1" 500 - "" "Mozilla/5.0 (Macintosh; Intel Mac OS X 10_10_2) AppleWebKit/537.36 (KHTML, like Gecko) Chrome/51.0.2704.103 Safari/537.36"
[2016-08-11 18:51:07.766] [INFO] normal - ::1 - - "GET /api/getposts/?page=1&size=10&json=true HTTP/1.1" 200 7497 "" "Mozilla/5.0 (Macintosh; Intel Mac OS X 10_10_2) AppleWebKit/537.36 (KHTML, like Gecko) Chrome/51.0.2704.103 Safari/537.36"
[2016-08-11 18:51:11.580] [INFO] normal - ::1 - - "GET /api/getposts/?page=1&size=10 HTTP/1.1" 500 - "" "Mozilla/5.0 (Macintosh; Intel Mac OS X 10_10_2) AppleWebKit/537.36 (KHTML, like Gecko) Chrome/51.0.2704.103 Safari/537.36"
[2016-08-11 18:51:13.074] [INFO] normal - ::1 - - "GET /api/getposts/?page=1&size=10 HTTP/1.1" 500 - "" "Mozilla/5.0 (Macintosh; Intel Mac OS X 10_10_2) AppleWebKit/537.36 (KHTML, like Gecko) Chrome/51.0.2704.103 Safari/537.36"
[2016-08-11 18:51:16.087] [INFO] normal - ::1 - - "GET /api/getposts/?page=1&size=10&json=true HTTP/1.1" 304 - "" "Mozilla/5.0 (Macintosh; Intel Mac OS X 10_10_2) AppleWebKit/537.36 (KHTML, like Gecko) Chrome/51.0.2704.103 Safari/537.36"
[2016-08-11 19:24:01.169] [INFO] normal - ::1 - - "GET / HTTP/1.1" 304 - "" "Mozilla/5.0 (Macintosh; Intel Mac OS X 10_10_2) AppleWebKit/537.36 (KHTML, like Gecko) Chrome/51.0.2704.103 Safari/537.36"
[2016-08-11 19:24:01.426] [INFO] normal - ::1 - - "GET /static/css/style.css HTTP/1.1" 304 - "http://localhost:3000/" "Mozilla/5.0 (Macintosh; Intel Mac OS X 10_10_2) AppleWebKit/537.36 (KHTML, like Gecko) Chrome/51.0.2704.103 Safari/537.36"
[2016-08-11 19:24:11.215] [INFO] normal - ::1 - - "GET /static/css/style.css HTTP/1.1" 304 - "http://localhost:3000/" "Mozilla/5.0 (Macintosh; Intel Mac OS X 10_10_2) AppleWebKit/537.36 (KHTML, like Gecko) Chrome/51.0.2704.103 Safari/537.36"
[2016-08-11 19:24:18.826] [INFO] normal - ::1 - - "GET / HTTP/1.1" 200 4343 "" "Mozilla/5.0 (iPhone; CPU iPhone OS 9_1 like Mac OS X) AppleWebKit/601.1.46 (KHTML, like Gecko) Version/9.0 Mobile/13B143 Safari/601.1"
[2016-08-11 19:24:18.989] [INFO] normal - ::1 - - "GET /static/css/style.css HTTP/1.1" 200 18 "http://localhost:3000/" "Mozilla/5.0 (iPhone; CPU iPhone OS 9_1 like Mac OS X) AppleWebKit/601.1.46 (KHTML, like Gecko) Version/9.0 Mobile/13B143 Safari/601.1"
[2016-08-11 19:24:20.197] [INFO] normal - ::1 - - "GET / HTTP/1.1" 200 4343 "" "Mozilla/5.0 (iPhone; CPU iPhone OS 9_1 like Mac OS X) AppleWebKit/601.1.46 (KHTML, like Gecko) Version/9.0 Mobile/13B143 Safari/601.1"
[2016-08-11 19:24:20.332] [INFO] normal - ::1 - - "GET /static/css/style.css HTTP/1.1" 200 18 "http://localhost:3000/" "Mozilla/5.0 (iPhone; CPU iPhone OS 9_1 like Mac OS X) AppleWebKit/601.1.46 (KHTML, like Gecko) Version/9.0 Mobile/13B143 Safari/601.1"
[2016-08-11 19:24:33.401] [INFO] normal - ::1 - - "GET /static/css/style.css HTTP/1.1" 304 - "" "Mozilla/5.0 (Macintosh; Intel Mac OS X 10_10_2) AppleWebKit/537.36 (KHTML, like Gecko) Chrome/51.0.2704.103 Safari/537.36"
[2016-08-11 19:29:10.149] [INFO] normal - ::1 - - "GET / HTTP/1.1" 200 4343 "" "Mozilla/5.0 (Macintosh; Intel Mac OS X 10_10_2) AppleWebKit/537.36 (KHTML, like Gecko) Chrome/51.0.2704.103 Safari/537.36"
[2016-08-11 19:29:10.316] [INFO] normal - ::1 - - "GET /static/css/style.css HTTP/1.1" 200 18 "http://localhost:3000/" "Mozilla/5.0 (Macintosh; Intel Mac OS X 10_10_2) AppleWebKit/537.36 (KHTML, like Gecko) Chrome/51.0.2704.103 Safari/537.36"
[2016-08-12 11:02:00.891] [INFO] normal - ::1 - - "GET / HTTP/1.1" 200 4343 "" "Mozilla/5.0 (Macintosh; Intel Mac OS X 10_10_5) AppleWebKit/537.36 (KHTML, like Gecko) Chrome/52.0.2743.116 Safari/537.36"
[2016-08-12 11:02:01.069] [INFO] normal - ::1 - - "GET /static/css/style.css HTTP/1.1" 200 18 "http://localhost:3000/" "Mozilla/5.0 (Macintosh; Intel Mac OS X 10_10_5) AppleWebKit/537.36 (KHTML, like Gecko) Chrome/52.0.2743.116 Safari/537.36"
[2016-08-12 11:02:01.338] [INFO] normal - ::1 - - "GET /favicon.ico HTTP/1.1" 404 9 "http://localhost:3000/" "Mozilla/5.0 (Macintosh; Intel Mac OS X 10_10_5) AppleWebKit/537.36 (KHTML, like Gecko) Chrome/52.0.2743.116 Safari/537.36"
[2016-08-12 11:02:03.843] [INFO] normal - ::1 - - "GET /static/css/style.css HTTP/1.1" 304 - "http://localhost:3000/" "Mozilla/5.0 (Macintosh; Intel Mac OS X 10_10_5) AppleWebKit/537.36 (KHTML, like Gecko) Chrome/52.0.2743.116 Safari/537.36"
[2016-08-12 11:02:04.880] [INFO] normal - ::1 - - "GET / HTTP/1.1" 200 4343 "" "Mozilla/5.0 (iPhone; CPU iPhone OS 9_1 like Mac OS X) AppleWebKit/601.1.46 (KHTML, like Gecko) Version/9.0 Mobile/13B143 Safari/601.1"
[2016-08-12 11:02:04.996] [INFO] normal - ::1 - - "GET /static/css/style.css HTTP/1.1" 200 18 "http://localhost:3000/" "Mozilla/5.0 (iPhone; CPU iPhone OS 9_1 like Mac OS X) AppleWebKit/601.1.46 (KHTML, like Gecko) Version/9.0 Mobile/13B143 Safari/601.1"
[2016-08-12 12:04:21.178] [INFO] normal - ::1 - - "GET / HTTP/1.1" 200 4343 "" "Mozilla/5.0 (Macintosh; Intel Mac OS X 10_10_5) AppleWebKit/537.36 (KHTML, like Gecko) Chrome/52.0.2743.116 Safari/537.36"
[2016-08-12 12:04:21.276] [INFO] normal - ::1 - - "GET /static/css/style.css HTTP/1.1" 200 18 "http://localhost:3000/" "Mozilla/5.0 (Macintosh; Intel Mac OS X 10_10_5) AppleWebKit/537.36 (KHTML, like Gecko) Chrome/52.0.2743.116 Safari/537.36"
[2016-08-17 21:34:11.455] [INFO] normal - ::1 - - "GET / HTTP/1.1" 304 - "" "Mozilla/5.0 (Macintosh; Intel Mac OS X 10_10_5) AppleWebKit/537.36 (KHTML, like Gecko) Chrome/52.0.2743.116 Safari/537.36"
[2016-08-17 21:34:11.559] [INFO] normal - ::1 - - "GET /static/css/style.css HTTP/1.1" 404 9 "http://localhost:3000/" "Mozilla/5.0 (Macintosh; Intel Mac OS X 10_10_5) AppleWebKit/537.36 (KHTML, like Gecko) Chrome/52.0.2743.116 Safari/537.36"
[2016-08-17 21:34:11.973] [INFO] normal - ::1 - - "GET /favicon.ico HTTP/1.1" 404 9 "http://localhost:3000/" "Mozilla/5.0 (Macintosh; Intel Mac OS X 10_10_5) AppleWebKit/537.36 (KHTML, like Gecko) Chrome/52.0.2743.116 Safari/537.36"
[2016-08-17 21:34:12.932] [INFO] normal - ::1 - - "GET / HTTP/1.1" 304 - "" "Mozilla/5.0 (Macintosh; Intel Mac OS X 10_10_5) AppleWebKit/537.36 (KHTML, like Gecko) Chrome/52.0.2743.116 Safari/537.36"
[2016-08-17 21:34:12.993] [INFO] normal - ::1 - - "GET /static/css/style.css HTTP/1.1" 404 9 "http://localhost:3000/" "Mozilla/5.0 (Macintosh; Intel Mac OS X 10_10_5) AppleWebKit/537.36 (KHTML, like Gecko) Chrome/52.0.2743.116 Safari/537.36"
[2016-08-17 21:34:14.699] [INFO] normal - ::1 - - "GET /static/css/style.css HTTP/1.1" 404 9 "http://localhost:3000/" "Mozilla/5.0 (Macintosh; Intel Mac OS X 10_10_5) AppleWebKit/537.36 (KHTML, like Gecko) Chrome/52.0.2743.116 Safari/537.36"
[2016-08-17 21:34:15.427] [INFO] normal - ::1 - - "GET / HTTP/1.1" 200 4343 "" "Mozilla/5.0 (iPhone; CPU iPhone OS 9_1 like Mac OS X) AppleWebKit/601.1.46 (KHTML, like Gecko) Version/9.0 Mobile/13B143 Safari/601.1"
[2016-08-17 21:34:15.526] [INFO] normal - ::1 - - "GET /static/css/style.css HTTP/1.1" 404 9 "http://localhost:3000/" "Mozilla/5.0 (iPhone; CPU iPhone OS 9_1 like Mac OS X) AppleWebKit/601.1.46 (KHTML, like Gecko) Version/9.0 Mobile/13B143 Safari/601.1"
[2016-08-17 21:34:16.547] [INFO] normal - ::1 - - "GET / HTTP/1.1" 200 4343 "" "Mozilla/5.0 (iPhone; CPU iPhone OS 9_1 like Mac OS X) AppleWebKit/601.1.46 (KHTML, like Gecko) Version/9.0 Mobile/13B143 Safari/601.1"
[2016-08-17 21:34:16.645] [INFO] normal - ::1 - - "GET /static/css/style.css HTTP/1.1" 404 9 "http://localhost:3000/" "Mozilla/5.0 (iPhone; CPU iPhone OS 9_1 like Mac OS X) AppleWebKit/601.1.46 (KHTML, like Gecko) Version/9.0 Mobile/13B143 Safari/601.1"
[2016-08-18 13:44:17.349] [INFO] normal - ::1 - - "GET /api/getposts/?page=1&size=10&json=true HTTP/1.1" 200 7497 "" "Mozilla/5.0 (Macintosh; Intel Mac OS X 10_10_5) AppleWebKit/537.36 (KHTML, like Gecko) Chrome/52.0.2743.116 Safari/537.36"
[2016-08-18 15:07:07.956] [INFO] normal - ::1 - - "GET /api/getposts/?page=1&size=10&json=true HTTP/1.1" 200 7497 "http://localhost:8080/page/index.html" "Mozilla/5.0 (iPhone; CPU iPhone OS 9_1 like Mac OS X) AppleWebKit/601.1.46 (KHTML, like Gecko) Version/9.0 Mobile/13B143 Safari/601.1"
[2016-08-18 15:08:08.281] [INFO] normal - ::1 - - "GET /api/getposts/?page=1&size=10&json=true HTTP/1.1" 304 - "" "Mozilla/5.0 (Macintosh; Intel Mac OS X 10_10_5) AppleWebKit/537.36 (KHTML, like Gecko) Chrome/52.0.2743.116 Safari/537.36"
[2016-08-18 15:08:14.100] [INFO] normal - ::1 - - "GET /api/getposts/?page=1&size=10&json=true&callback=111 HTTP/1.1" 200 7497 "" "Mozilla/5.0 (Macintosh; Intel Mac OS X 10_10_5) AppleWebKit/537.36 (KHTML, like Gecko) Chrome/52.0.2743.116 Safari/537.36"
[2016-08-18 15:24:44.703] [INFO] normal - ::1 - - "GET /api/getposts/?page=1&size=10&json=true HTTP/1.1" 304 - "" "Mozilla/5.0 (Macintosh; Intel Mac OS X 10_10_5) AppleWebKit/537.36 (KHTML, like Gecko) Chrome/52.0.2743.116 Safari/537.36"
[2016-08-18 15:24:45.801] [INFO] normal - ::1 - - "GET /api/getposts/?page=1&size=10&json=true HTTP/1.1" 304 - "" "Mozilla/5.0 (Macintosh; Intel Mac OS X 10_10_5) AppleWebKit/537.36 (KHTML, like Gecko) Chrome/52.0.2743.116 Safari/537.36"
[2016-08-18 15:24:56.964] [INFO] normal - ::1 - - "GET /api/getposts/?page=1&size=10&json=true HTTP/1.1" 200 7497 "http://localhost:8080/page/index.html" "Mozilla/5.0 (iPhone; CPU iPhone OS 9_1 like Mac OS X) AppleWebKit/601.1.46 (KHTML, like Gecko) Version/9.0 Mobile/13B143 Safari/601.1"
[2016-08-18 15:31:05.184] [INFO] normal - ::1 - - "GET /api/getposts/?page=1&size=10&json=true HTTP/1.1" 200 7497 "http://localhost:8080/page/index.html" "Mozilla/5.0 (iPhone; CPU iPhone OS 9_1 like Mac OS X) AppleWebKit/601.1.46 (KHTML, like Gecko) Version/9.0 Mobile/13B143 Safari/601.1"
[2016-08-18 15:31:06.665] [INFO] normal - ::1 - - "GET /api/getposts/?page=1&size=10&json=true HTTP/1.1" 200 7497 "http://localhost:8080/page/index.html" "Mozilla/5.0 (iPhone; CPU iPhone OS 9_1 like Mac OS X) AppleWebKit/601.1.46 (KHTML, like Gecko) Version/9.0 Mobile/13B143 Safari/601.1"
[2016-08-18 16:01:55.905] [INFO] normal - ::1 - - "GET /api/getposts/?page=1&size=10&json=true HTTP/1.1" 200 7497 "http://localhost:8080/page/index.html" "Mozilla/5.0 (iPhone; CPU iPhone OS 9_1 like Mac OS X) AppleWebKit/601.1.46 (KHTML, like Gecko) Version/9.0 Mobile/13B143 Safari/601.1"
[2016-08-18 16:01:56.949] [INFO] normal - ::1 - - "GET /api/getposts/?page=1&size=10&json=true HTTP/1.1" 200 7497 "http://localhost:8080/page/index.html" "Mozilla/5.0 (iPhone; CPU iPhone OS 9_1 like Mac OS X) AppleWebKit/601.1.46 (KHTML, like Gecko) Version/9.0 Mobile/13B143 Safari/601.1"
[2016-08-18 16:02:45.739] [INFO] normal - ::1 - - "GET /api/getposts/?page=1&size=10&json=true HTTP/1.1" 200 7497 "http://localhost:8080/page/index.html" "Mozilla/5.0 (iPhone; CPU iPhone OS 9_1 like Mac OS X) AppleWebKit/601.1.46 (KHTML, like Gecko) Version/9.0 Mobile/13B143 Safari/601.1"
[2016-08-18 16:02:46.899] [INFO] normal - ::1 - - "GET /api/getposts/?page=1&size=10&json=true HTTP/1.1" 200 7497 "http://localhost:8080/page/index.html" "Mozilla/5.0 (iPhone; CPU iPhone OS 9_1 like Mac OS X) AppleWebKit/601.1.46 (KHTML, like Gecko) Version/9.0 Mobile/13B143 Safari/601.1"
[2016-08-18 16:15:20.991] [INFO] normal - ::1 - - "GET /api/getposts/?page=1&size=10&json=true HTTP/1.1" 200 7497 "http://localhost:8080/page/index.html" "Mozilla/5.0 (iPhone; CPU iPhone OS 9_1 like Mac OS X) AppleWebKit/601.1.46 (KHTML, like Gecko) Version/9.0 Mobile/13B143 Safari/601.1"
[2016-08-18 16:19:57.129] [INFO] normal - ::1 - - "GET /api/getposts/?page=1&size=10&json=true HTTP/1.1" 200 7497 "http://localhost:8080/page/index.html" "Mozilla/5.0 (iPhone; CPU iPhone OS 9_1 like Mac OS X) AppleWebKit/601.1.46 (KHTML, like Gecko) Version/9.0 Mobile/13B143 Safari/601.1"
[2016-08-18 16:20:00.932] [INFO] normal - ::1 - - "GET /api/getposts/?page=1&size=10&json=true HTTP/1.1" 200 7497 "http://localhost:8080/page/index.html" "Mozilla/5.0 (iPhone; CPU iPhone OS 9_1 like Mac OS X) AppleWebKit/601.1.46 (KHTML, like Gecko) Version/9.0 Mobile/13B143 Safari/601.1"
[2016-08-18 16:20:33.813] [INFO] normal - ::1 - - "GET /api/getposts/?page=1&size=10&json=true HTTP/1.1" 200 7497 "http://localhost:8080/page/index.html" "Mozilla/5.0 (iPhone; CPU iPhone OS 9_1 like Mac OS X) AppleWebKit/601.1.46 (KHTML, like Gecko) Version/9.0 Mobile/13B143 Safari/601.1"
[2016-08-18 16:20:34.605] [INFO] normal - ::1 - - "GET /api/getposts/?page=1&size=10&json=true HTTP/1.1" 200 7497 "http://localhost:8080/page/index.html" "Mozilla/5.0 (iPhone; CPU iPhone OS 9_1 like Mac OS X) AppleWebKit/601.1.46 (KHTML, like Gecko) Version/9.0 Mobile/13B143 Safari/601.1"
[2016-08-18 16:21:48.134] [INFO] normal - ::1 - - "GET /api/getposts/?page=1&size=10&json=true HTTP/1.1" 200 7497 "http://localhost:8080/page/index.html" "Mozilla/5.0 (iPhone; CPU iPhone OS 9_1 like Mac OS X) AppleWebKit/601.1.46 (KHTML, like Gecko) Version/9.0 Mobile/13B143 Safari/601.1"
[2016-08-18 16:23:00.098] [INFO] normal - ::1 - - "GET /api/getposts/?page=1&size=10&json=true HTTP/1.1" 200 7497 "http://localhost:8080/page/index.html" "Mozilla/5.0 (iPhone; CPU iPhone OS 9_1 like Mac OS X) AppleWebKit/601.1.46 (KHTML, like Gecko) Version/9.0 Mobile/13B143 Safari/601.1"
[2016-08-18 16:23:01.228] [INFO] normal - ::1 - - "GET /api/getposts/?page=1&size=10&json=true HTTP/1.1" 200 7497 "http://localhost:8080/page/index.html" "Mozilla/5.0 (iPhone; CPU iPhone OS 9_1 like Mac OS X) AppleWebKit/601.1.46 (KHTML, like Gecko) Version/9.0 Mobile/13B143 Safari/601.1"
[2016-08-18 16:25:38.196] [INFO] normal - ::1 - - "GET /api/getposts/?page=1&size=10&json=true HTTP/1.1" 200 7497 "http://localhost:8080/page/index.html" "Mozilla/5.0 (iPhone; CPU iPhone OS 9_1 like Mac OS X) AppleWebKit/601.1.46 (KHTML, like Gecko) Version/9.0 Mobile/13B143 Safari/601.1"
[2016-08-18 16:25:39.693] [INFO] normal - ::1 - - "GET /api/getposts/?page=1&size=10&json=true HTTP/1.1" 200 7497 "http://localhost:8080/page/index.html" "Mozilla/5.0 (iPhone; CPU iPhone OS 9_1 like Mac OS X) AppleWebKit/601.1.46 (KHTML, like Gecko) Version/9.0 Mobile/13B143 Safari/601.1"
[2016-08-18 16:26:31.328] [INFO] normal - ::1 - - "GET /api/getposts/?page=1&size=10&json=true HTTP/1.1" 200 7497 "http://localhost:8080/page/index.html" "Mozilla/5.0 (iPhone; CPU iPhone OS 9_1 like Mac OS X) AppleWebKit/601.1.46 (KHTML, like Gecko) Version/9.0 Mobile/13B143 Safari/601.1"
[2016-08-18 16:27:30.815] [INFO] normal - ::1 - - "GET /api/getposts/?page=1&size=10&json=true HTTP/1.1" 200 7497 "http://localhost:8080/page/index.html" "Mozilla/5.0 (iPhone; CPU iPhone OS 9_1 like Mac OS X) AppleWebKit/601.1.46 (KHTML, like Gecko) Version/9.0 Mobile/13B143 Safari/601.1"
[2016-08-18 16:28:17.028] [INFO] normal - ::1 - - "GET /api/getposts/?page=1&size=10&json=true HTTP/1.1" 200 7497 "http://localhost:8080/page/index.html" "Mozilla/5.0 (iPhone; CPU iPhone OS 9_1 like Mac OS X) AppleWebKit/601.1.46 (KHTML, like Gecko) Version/9.0 Mobile/13B143 Safari/601.1"
[2016-08-18 17:41:12.405] [INFO] normal - ::1 - - "GET /api/getposts/?page=1&size=10&json=true HTTP/1.1" 200 7497 "http://localhost:8080/page/index.html" "Mozilla/5.0 (iPhone; CPU iPhone OS 9_1 like Mac OS X) AppleWebKit/601.1.46 (KHTML, like Gecko) Version/9.0 Mobile/13B143 Safari/601.1"
[2016-08-18 17:41:13.906] [INFO] normal - ::1 - - "GET /api/getposts/?page=1&size=10&json=true HTTP/1.1" 200 7497 "http://localhost:8080/page/index.html" "Mozilla/5.0 (iPhone; CPU iPhone OS 9_1 like Mac OS X) AppleWebKit/601.1.46 (KHTML, like Gecko) Version/9.0 Mobile/13B143 Safari/601.1"
[2016-08-18 17:47:36.635] [INFO] normal - ::1 - - "GET /api/getposts/?page=1&size=10&json=true HTTP/1.1" 200 7497 "http://localhost:8080/page/index.html" "Mozilla/5.0 (iPhone; CPU iPhone OS 9_1 like Mac OS X) AppleWebKit/601.1.46 (KHTML, like Gecko) Version/9.0 Mobile/13B143 Safari/601.1"
[2016-08-18 17:48:05.607] [INFO] normal - ::1 - - "GET /api/getposts/?page=1&size=10&json=true HTTP/1.1" 200 7497 "http://localhost:8080/page/index.html" "Mozilla/5.0 (iPhone; CPU iPhone OS 9_1 like Mac OS X) AppleWebKit/601.1.46 (KHTML, like Gecko) Version/9.0 Mobile/13B143 Safari/601.1"
[2016-08-18 17:48:07.117] [INFO] normal - ::1 - - "GET /api/getposts/?page=1&size=10&json=true HTTP/1.1" 200 7497 "http://localhost:8080/page/index.html" "Mozilla/5.0 (iPhone; CPU iPhone OS 9_1 like Mac OS X) AppleWebKit/601.1.46 (KHTML, like Gecko) Version/9.0 Mobile/13B143 Safari/601.1"
[2016-08-18 17:48:14.949] [INFO] normal - ::1 - - "GET /api/getposts/?page=1&size=10&json=true HTTP/1.1" 200 7497 "http://localhost:8080/page/index.html" "Mozilla/5.0 (iPhone; CPU iPhone OS 9_1 like Mac OS X) AppleWebKit/601.1.46 (KHTML, like Gecko) Version/9.0 Mobile/13B143 Safari/601.1"
[2016-08-18 17:49:23.139] [INFO] normal - ::1 - - "GET /api/getposts/?page=1&size=10&json=true HTTP/1.1" 200 7497 "http://localhost:8080/page/index.html" "Mozilla/5.0 (iPhone; CPU iPhone OS 9_1 like Mac OS X) AppleWebKit/601.1.46 (KHTML, like Gecko) Version/9.0 Mobile/13B143 Safari/601.1"
[2016-08-18 17:49:24.783] [INFO] normal - ::1 - - "GET /api/getposts/?page=1&size=10&json=true HTTP/1.1" 200 7497 "http://localhost:8080/page/index.html" "Mozilla/5.0 (iPhone; CPU iPhone OS 9_1 like Mac OS X) AppleWebKit/601.1.46 (KHTML, like Gecko) Version/9.0 Mobile/13B143 Safari/601.1"
[2016-08-18 17:50:19.007] [INFO] normal - ::1 - - "GET /api/getposts/?page=1&size=10&json=true HTTP/1.1" 200 7497 "http://localhost:8080/page/index.html" "Mozilla/5.0 (iPhone; CPU iPhone OS 9_1 like Mac OS X) AppleWebKit/601.1.46 (KHTML, like Gecko) Version/9.0 Mobile/13B143 Safari/601.1"
[2016-08-18 17:51:16.362] [INFO] normal - ::1 - - "GET /api/getposts/?page=1&size=10&json=true HTTP/1.1" 200 7497 "http://localhost:8080/page/index.html" "Mozilla/5.0 (iPhone; CPU iPhone OS 9_1 like Mac OS X) AppleWebKit/601.1.46 (KHTML, like Gecko) Version/9.0 Mobile/13B143 Safari/601.1"
[2016-08-18 17:57:55.568] [INFO] normal - ::1 - - "GET /api/getposts/?page=1&size=10&json=true HTTP/1.1" 200 7497 "http://localhost:8080/page/index.html" "Mozilla/5.0 (iPhone; CPU iPhone OS 9_1 like Mac OS X) AppleWebKit/601.1.46 (KHTML, like Gecko) Version/9.0 Mobile/13B143 Safari/601.1"
[2016-08-18 17:58:49.927] [INFO] normal - ::1 - - "GET /api/getposts/?page=1&size=10&json=true HTTP/1.1" 200 7497 "http://localhost:8080/page/index.html" "Mozilla/5.0 (iPhone; CPU iPhone OS 9_1 like Mac OS X) AppleWebKit/601.1.46 (KHTML, like Gecko) Version/9.0 Mobile/13B143 Safari/601.1"
[2016-08-18 17:58:51.963] [INFO] normal - ::1 - - "GET /api/getposts/?page=1&size=10&json=true HTTP/1.1" 200 7497 "http://localhost:8080/page/index.html" "Mozilla/5.0 (iPhone; CPU iPhone OS 9_1 like Mac OS X) AppleWebKit/601.1.46 (KHTML, like Gecko) Version/9.0 Mobile/13B143 Safari/601.1"
[2016-08-18 17:59:08.400] [INFO] normal - ::1 - - "GET /api/getposts/?page=1&size=10&json=true HTTP/1.1" 200 7497 "http://localhost:8080/page/index.html" "Mozilla/5.0 (iPhone; CPU iPhone OS 9_1 like Mac OS X) AppleWebKit/601.1.46 (KHTML, like Gecko) Version/9.0 Mobile/13B143 Safari/601.1"
[2016-08-18 18:12:28.013] [INFO] normal - ::1 - - "GET /api/getposts/?page=1&size=10&json=true HTTP/1.1" 200 7497 "http://localhost:8080/page/index.html" "Mozilla/5.0 (iPhone; CPU iPhone OS 9_1 like Mac OS X) AppleWebKit/601.1.46 (KHTML, like Gecko) Version/9.0 Mobile/13B143 Safari/601.1"
[2016-08-18 18:14:10.684] [INFO] normal - ::1 - - "GET /api/getposts/?page=1&size=10&json=true HTTP/1.1" 200 7497 "http://localhost:8080/page/index.html" "Mozilla/5.0 (iPhone; CPU iPhone OS 9_1 like Mac OS X) AppleWebKit/601.1.46 (KHTML, like Gecko) Version/9.0 Mobile/13B143 Safari/601.1"
[2016-08-18 18:14:12.344] [INFO] normal - ::1 - - "GET /api/getposts/?page=1&size=10&json=true HTTP/1.1" 200 7497 "http://localhost:8080/page/index.html" "Mozilla/5.0 (iPhone; CPU iPhone OS 9_1 like Mac OS X) AppleWebKit/601.1.46 (KHTML, like Gecko) Version/9.0 Mobile/13B143 Safari/601.1"
[2016-08-18 18:14:20.184] [INFO] normal - ::1 - - "GET /api/getposts/?page=1&size=10&json=true HTTP/1.1" 200 7497 "http://localhost:8080/page/index.html" "Mozilla/5.0 (iPhone; CPU iPhone OS 9_1 like Mac OS X) AppleWebKit/601.1.46 (KHTML, like Gecko) Version/9.0 Mobile/13B143 Safari/601.1"
[2016-08-18 18:16:07.826] [INFO] normal - ::1 - - "GET /api/getposts/?page=1&size=20&json=true HTTP/1.1" 200 15988 "http://localhost:8080/page/index.html" "Mozilla/5.0 (iPhone; CPU iPhone OS 9_1 like Mac OS X) AppleWebKit/601.1.46 (KHTML, like Gecko) Version/9.0 Mobile/13B143 Safari/601.1"
[2016-08-18 18:17:41.419] [INFO] normal - ::1 - - "GET /api/getposts/?page=1&size=20&json=true HTTP/1.1" 200 15988 "http://localhost:8080/page/index.html" "Mozilla/5.0 (iPhone; CPU iPhone OS 9_1 like Mac OS X) AppleWebKit/601.1.46 (KHTML, like Gecko) Version/9.0 Mobile/13B143 Safari/601.1"
[2016-08-18 18:32:18.871] [INFO] normal - ::1 - - "GET /api/getposts/?page=1&size=20&json=true HTTP/1.1" 200 15988 "http://localhost:8080/page/index.html" "Mozilla/5.0 (iPhone; CPU iPhone OS 9_1 like Mac OS X) AppleWebKit/601.1.46 (KHTML, like Gecko) Version/9.0 Mobile/13B143 Safari/601.1"
[2016-08-18 18:32:24.808] [INFO] normal - ::1 - - "GET /api/getposts/?page=1&size=20&json=true HTTP/1.1" 200 15988 "http://localhost:8080/page/index.html" "Mozilla/5.0 (iPhone; CPU iPhone OS 9_1 like Mac OS X) AppleWebKit/601.1.46 (KHTML, like Gecko) Version/9.0 Mobile/13B143 Safari/601.1"
[2016-08-18 18:36:16.650] [INFO] normal - ::1 - - "GET /api/getposts/?page=1&size=20&json=true HTTP/1.1" 200 15988 "http://localhost:8080/page/index.html" "Mozilla/5.0 (iPhone; CPU iPhone OS 9_1 like Mac OS X) AppleWebKit/601.1.46 (KHTML, like Gecko) Version/9.0 Mobile/13B143 Safari/601.1"
[2016-08-18 18:37:23.238] [INFO] normal - ::1 - - "GET /api/getposts/?page=1&size=20&json=true HTTP/1.1" 200 15988 "http://localhost:8080/page/index.html" "Mozilla/5.0 (iPhone; CPU iPhone OS 9_1 like Mac OS X) AppleWebKit/601.1.46 (KHTML, like Gecko) Version/9.0 Mobile/13B143 Safari/601.1"
[2016-08-18 18:38:04.053] [INFO] normal - ::1 - - "GET /api/getposts/?page=1&size=20&json=true HTTP/1.1" 200 15988 "http://localhost:8080/page/index.html" "Mozilla/5.0 (iPhone; CPU iPhone OS 9_1 like Mac OS X) AppleWebKit/601.1.46 (KHTML, like Gecko) Version/9.0 Mobile/13B143 Safari/601.1"
[2016-08-18 18:40:51.830] [INFO] normal - ::1 - - "GET /api/getposts/?page=1&size=20&json=true HTTP/1.1" 200 15988 "http://localhost:8080/page/index.html" "Mozilla/5.0 (iPhone; CPU iPhone OS 9_1 like Mac OS X) AppleWebKit/601.1.46 (KHTML, like Gecko) Version/9.0 Mobile/13B143 Safari/601.1"
[2016-08-18 18:41:02.535] [INFO] normal - ::1 - - "GET /api/getposts/?page=1&size=20&json=true HTTP/1.1" 200 15988 "http://localhost:8080/page/index.html" "Mozilla/5.0 (iPhone; CPU iPhone OS 9_1 like Mac OS X) AppleWebKit/601.1.46 (KHTML, like Gecko) Version/9.0 Mobile/13B143 Safari/601.1"
[2016-08-18 18:43:05.421] [INFO] normal - ::1 - - "GET /api/getposts/?page=1&size=20&json=true HTTP/1.1" 304 - "http://localhost:8080/page/index.html" "Mozilla/5.0 (Macintosh; Intel Mac OS X 10_10_5) AppleWebKit/537.36 (KHTML, like Gecko) Chrome/52.0.2743.116 Safari/537.36"
[2016-08-18 18:43:07.062] [INFO] normal - ::1 - - "GET /api/getposts/?page=1&size=20&json=true HTTP/1.1" 200 15988 "http://localhost:8080/page/index.html" "Mozilla/5.0 (iPhone; CPU iPhone OS 9_1 like Mac OS X) AppleWebKit/601.1.46 (KHTML, like Gecko) Version/9.0 Mobile/13B143 Safari/601.1"
[2016-08-18 18:48:43.205] [INFO] normal - ::1 - - "GET /api/getposts/?page=1&size=20&json=true HTTP/1.1" 200 15988 "http://localhost:8080/page/index.html" "Mozilla/5.0 (iPhone; CPU iPhone OS 9_1 like Mac OS X) AppleWebKit/601.1.46 (KHTML, like Gecko) Version/9.0 Mobile/13B143 Safari/601.1"
[2016-08-18 18:48:51.928] [INFO] normal - ::1 - - "GET /api/getposts/?page=1&size=20&json=true HTTP/1.1" 304 - "http://localhost:8080/page/index.html" "Mozilla/5.0 (Macintosh; Intel Mac OS X 10_10_5) AppleWebKit/537.36 (KHTML, like Gecko) Chrome/52.0.2743.116 Safari/537.36"
[2016-08-18 18:48:53.785] [INFO] normal - ::1 - - "GET /api/getposts/?page=1&size=20&json=true HTTP/1.1" 200 15988 "http://localhost:8080/page/index.html" "Mozilla/5.0 (iPhone; CPU iPhone OS 9_1 like Mac OS X) AppleWebKit/601.1.46 (KHTML, like Gecko) Version/9.0 Mobile/13B143 Safari/601.1"
[2016-08-18 18:54:42.134] [INFO] normal - ::1 - - "GET /api/getposts/?page=1&size=20&json=true HTTP/1.1" 200 15988 "http://localhost:8080/page/index.html" "Mozilla/5.0 (iPhone; CPU iPhone OS 9_1 like Mac OS X) AppleWebKit/601.1.46 (KHTML, like Gecko) Version/9.0 Mobile/13B143 Safari/601.1"
[2016-08-18 18:54:52.872] [INFO] normal - ::1 - - "GET /api/getposts/?page=1&size=20&json=true HTTP/1.1" 200 15988 "http://localhost:8080/page/index.html" "Mozilla/5.0 (iPhone; CPU iPhone OS 9_1 like Mac OS X) AppleWebKit/601.1.46 (KHTML, like Gecko) Version/9.0 Mobile/13B143 Safari/601.1"
[2016-08-18 18:54:59.698] [INFO] normal - ::1 - - "GET /api/getposts/?page=1&size=20&json=true HTTP/1.1" 200 15988 "http://localhost:8080/page/index.html" "Mozilla/5.0 (iPhone; CPU iPhone OS 9_1 like Mac OS X) AppleWebKit/601.1.46 (KHTML, like Gecko) Version/9.0 Mobile/13B143 Safari/601.1"
[2016-08-18 18:56:44.943] [INFO] normal - ::1 - - "GET /api/getposts/?page=1&size=20&json=true HTTP/1.1" 200 15988 "http://localhost:8080/page/index.html" "Mozilla/5.0 (iPhone; CPU iPhone OS 9_1 like Mac OS X) AppleWebKit/601.1.46 (KHTML, like Gecko) Version/9.0 Mobile/13B143 Safari/601.1"
[2016-08-18 18:59:56.742] [INFO] normal - ::1 - - "GET /api/getposts/?page=1&size=20&json=true HTTP/1.1" 200 15988 "http://localhost:8080/page/index.html" "Mozilla/5.0 (iPhone; CPU iPhone OS 9_1 like Mac OS X) AppleWebKit/601.1.46 (KHTML, like Gecko) Version/9.0 Mobile/13B143 Safari/601.1"
[2016-08-18 19:05:20.786] [INFO] normal - ::1 - - "GET /api/getposts/?page=1&size=10&json=true HTTP/1.1" 200 7497 "http://localhost:8080/page/index.html" "Mozilla/5.0 (iPhone; CPU iPhone OS 9_1 like Mac OS X) AppleWebKit/601.1.46 (KHTML, like Gecko) Version/9.0 Mobile/13B143 Safari/601.1"
[2016-08-18 19:05:29.014] [INFO] normal - ::1 - - "GET /api/getposts/?page=1&size=10&json=true HTTP/1.1" 200 7497 "http://localhost:8080/page/index.html" "Mozilla/5.0 (iPhone; CPU iPhone OS 9_1 like Mac OS X) AppleWebKit/601.1.46 (KHTML, like Gecko) Version/9.0 Mobile/13B143 Safari/601.1"
[2016-08-18 19:05:38.352] [INFO] normal - ::1 - - "GET /api/getposts/?page=1&size=20&json=true HTTP/1.1" 200 15988 "http://localhost:8080/page/index.html" "Mozilla/5.0 (iPhone; CPU iPhone OS 9_1 like Mac OS X) AppleWebKit/601.1.46 (KHTML, like Gecko) Version/9.0 Mobile/13B143 Safari/601.1"
[2016-08-18 19:06:21.828] [INFO] normal - ::1 - - "GET /api/getposts/?page=1&size=20&json=true HTTP/1.1" 200 15988 "http://localhost:8080/page/index.html" "Mozilla/5.0 (iPhone; CPU iPhone OS 9_1 like Mac OS X) AppleWebKit/601.1.46 (KHTML, like Gecko) Version/9.0 Mobile/13B143 Safari/601.1"
[2016-08-18 19:06:57.795] [INFO] normal - ::1 - - "GET /api/getposts/?page=1&size=20&json=true HTTP/1.1" 200 15988 "http://localhost:8080/page/index.html" "Mozilla/5.0 (iPhone; CPU iPhone OS 9_1 like Mac OS X) AppleWebKit/601.1.46 (KHTML, like Gecko) Version/9.0 Mobile/13B143 Safari/601.1"
[2016-08-18 19:07:11.990] [INFO] normal - ::1 - - "GET /api/getposts/?page=1&size=20&json=true HTTP/1.1" 200 15988 "http://localhost:8080/page/index.html" "Mozilla/5.0 (iPhone; CPU iPhone OS 9_1 like Mac OS X) AppleWebKit/601.1.46 (KHTML, like Gecko) Version/9.0 Mobile/13B143 Safari/601.1"
[2016-08-18 19:07:38.060] [INFO] normal - ::1 - - "GET /api/getposts/?page=1&size=20&json=true HTTP/1.1" 200 15988 "http://localhost:8080/page/index.html" "Mozilla/5.0 (iPhone; CPU iPhone OS 9_1 like Mac OS X) AppleWebKit/601.1.46 (KHTML, like Gecko) Version/9.0 Mobile/13B143 Safari/601.1"
[2016-08-18 19:08:41.909] [INFO] normal - ::1 - - "GET /api/getposts/?page=1&size=20&json=true HTTP/1.1" 200 15988 "http://localhost:8080/page/index.html" "Mozilla/5.0 (iPhone; CPU iPhone OS 9_1 like Mac OS X) AppleWebKit/601.1.46 (KHTML, like Gecko) Version/9.0 Mobile/13B143 Safari/601.1"
[2016-08-18 19:09:13.098] [INFO] normal - ::1 - - "GET /api/getposts/?page=1&size=20&json=true HTTP/1.1" 200 15988 "http://localhost:8080/page/index.html" "Mozilla/5.0 (iPhone; CPU iPhone OS 9_1 like Mac OS X) AppleWebKit/601.1.46 (KHTML, like Gecko) Version/9.0 Mobile/13B143 Safari/601.1"
[2016-08-18 19:09:19.505] [INFO] normal - ::1 - - "GET /api/getposts/?page=2&size=20&json=true HTTP/1.1" 200 685 "http://localhost:8080/page/index.html" "Mozilla/5.0 (iPhone; CPU iPhone OS 9_1 like Mac OS X) AppleWebKit/601.1.46 (KHTML, like Gecko) Version/9.0 Mobile/13B143 Safari/601.1"
[2016-08-18 19:09:20.331] [INFO] normal - ::1 - - "GET /api/getposts/?page=3&size=20&json=true HTTP/1.1" 200 46 "http://localhost:8080/page/index.html" "Mozilla/5.0 (iPhone; CPU iPhone OS 9_1 like Mac OS X) AppleWebKit/601.1.46 (KHTML, like Gecko) Version/9.0 Mobile/13B143 Safari/601.1"
[2016-08-18 19:09:23.283] [INFO] normal - ::1 - - "GET /api/getposts/?page=1&size=20&json=true HTTP/1.1" 200 15988 "http://localhost:8080/page/index.html" "Mozilla/5.0 (iPhone; CPU iPhone OS 9_1 like Mac OS X) AppleWebKit/601.1.46 (KHTML, like Gecko) Version/9.0 Mobile/13B143 Safari/601.1"
[2016-08-18 19:09:27.442] [INFO] normal - ::1 - - "GET /api/getposts/?page=2&size=20&json=true HTTP/1.1" 200 685 "http://localhost:8080/page/index.html" "Mozilla/5.0 (iPhone; CPU iPhone OS 9_1 like Mac OS X) AppleWebKit/601.1.46 (KHTML, like Gecko) Version/9.0 Mobile/13B143 Safari/601.1"
[2016-08-18 19:56:05.124] [INFO] normal - ::1 - - "GET /api/getposts/?page=1&size=20&json=true HTTP/1.1" 200 15988 "http://localhost:8080/page/index.html" "Mozilla/5.0 (iPhone; CPU iPhone OS 9_1 like Mac OS X) AppleWebKit/601.1.46 (KHTML, like Gecko) Version/9.0 Mobile/13B143 Safari/601.1"
[2016-08-18 19:56:07.716] [INFO] normal - ::1 - - "GET /api/getposts/?page=2&size=20&json=true HTTP/1.1" 200 685 "http://localhost:8080/page/index.html" "Mozilla/5.0 (iPhone; CPU iPhone OS 9_1 like Mac OS X) AppleWebKit/601.1.46 (KHTML, like Gecko) Version/9.0 Mobile/13B143 Safari/601.1"
[2016-08-18 20:18:01.679] [INFO] normal - ::1 - - "GET /api/getposts/?page=1&size=20&json=true HTTP/1.1" 200 15988 "http://localhost:8080/page/index.html" "Mozilla/5.0 (iPhone; CPU iPhone OS 9_1 like Mac OS X) AppleWebKit/601.1.46 (KHTML, like Gecko) Version/9.0 Mobile/13B143 Safari/601.1"
[2016-08-18 20:18:07.930] [INFO] normal - ::1 - - "GET /api/getposts/?page=1&size=20&json=true HTTP/1.1" 200 15988 "http://localhost:8080/page/index.html" "Mozilla/5.0 (iPhone; CPU iPhone OS 9_1 like Mac OS X) AppleWebKit/601.1.46 (KHTML, like Gecko) Version/9.0 Mobile/13B143 Safari/601.1"
[2016-08-18 20:19:35.541] [INFO] normal - ::1 - - "GET /api/getposts/?page=1&size=20&json=true HTTP/1.1" 200 15988 "http://localhost:8080/page/index.html" "Mozilla/5.0 (iPhone; CPU iPhone OS 9_1 like Mac OS X) AppleWebKit/601.1.46 (KHTML, like Gecko) Version/9.0 Mobile/13B143 Safari/601.1"
[2016-08-18 20:19:37.403] [INFO] normal - ::1 - - "GET /api/getposts/?page=1&size=20&json=true HTTP/1.1" 200 15988 "http://localhost:8080/page/index.html" "Mozilla/5.0 (iPhone; CPU iPhone OS 9_1 like Mac OS X) AppleWebKit/601.1.46 (KHTML, like Gecko) Version/9.0 Mobile/13B143 Safari/601.1"
[2016-08-18 20:20:20.547] [INFO] normal - ::1 - - "GET /api/getposts/?page=1&size=20&json=true HTTP/1.1" 200 15988 "http://localhost:8080/page/index.html" "Mozilla/5.0 (iPhone; CPU iPhone OS 9_1 like Mac OS X) AppleWebKit/601.1.46 (KHTML, like Gecko) Version/9.0 Mobile/13B143 Safari/601.1"
[2016-08-18 20:20:23.632] [INFO] normal - ::1 - - "GET /api/getposts/?page=2&size=20&json=true HTTP/1.1" 200 685 "http://localhost:8080/page/index.html" "Mozilla/5.0 (iPhone; CPU iPhone OS 9_1 like Mac OS X) AppleWebKit/601.1.46 (KHTML, like Gecko) Version/9.0 Mobile/13B143 Safari/601.1"
[2016-08-18 20:20:24.883] [INFO] normal - ::1 - - "GET /api/getposts/?page=3&size=20&json=true HTTP/1.1" 200 46 "http://localhost:8080/page/index.html" "Mozilla/5.0 (iPhone; CPU iPhone OS 9_1 like Mac OS X) AppleWebKit/601.1.46 (KHTML, like Gecko) Version/9.0 Mobile/13B143 Safari/601.1"
[2016-08-18 20:20:25.834] [INFO] normal - ::1 - - "GET /api/getposts/?page=4&size=20&json=true HTTP/1.1" 200 46 "http://localhost:8080/page/index.html" "Mozilla/5.0 (iPhone; CPU iPhone OS 9_1 like Mac OS X) AppleWebKit/601.1.46 (KHTML, like Gecko) Version/9.0 Mobile/13B143 Safari/601.1"
[2016-08-18 20:20:26.765] [INFO] normal - ::1 - - "GET /api/getposts/?page=5&size=20&json=true HTTP/1.1" 200 46 "http://localhost:8080/page/index.html" "Mozilla/5.0 (iPhone; CPU iPhone OS 9_1 like Mac OS X) AppleWebKit/601.1.46 (KHTML, like Gecko) Version/9.0 Mobile/13B143 Safari/601.1"
[2016-08-18 20:20:32.342] [INFO] normal - ::1 - - "GET /api/getposts/?page=6&size=20&json=true HTTP/1.1" 200 46 "http://localhost:8080/page/index.html" "Mozilla/5.0 (iPhone; CPU iPhone OS 9_1 like Mac OS X) AppleWebKit/601.1.46 (KHTML, like Gecko) Version/9.0 Mobile/13B143 Safari/601.1"
[2016-08-18 20:20:33.737] [INFO] normal - ::1 - - "GET /api/getposts/?page=7&size=20&json=true HTTP/1.1" 200 46 "http://localhost:8080/page/index.html" "Mozilla/5.0 (iPhone; CPU iPhone OS 9_1 like Mac OS X) AppleWebKit/601.1.46 (KHTML, like Gecko) Version/9.0 Mobile/13B143 Safari/601.1"
[2016-08-18 20:20:34.785] [INFO] normal - ::1 - - "GET /api/getposts/?page=8&size=20&json=true HTTP/1.1" 200 46 "http://localhost:8080/page/index.html" "Mozilla/5.0 (iPhone; CPU iPhone OS 9_1 like Mac OS X) AppleWebKit/601.1.46 (KHTML, like Gecko) Version/9.0 Mobile/13B143 Safari/601.1"
[2016-08-18 20:20:38.388] [INFO] normal - ::1 - - "GET /api/getposts/?page=9&size=20&json=true HTTP/1.1" 200 46 "http://localhost:8080/page/index.html" "Mozilla/5.0 (iPhone; CPU iPhone OS 9_1 like Mac OS X) AppleWebKit/601.1.46 (KHTML, like Gecko) Version/9.0 Mobile/13B143 Safari/601.1"
[2016-08-18 20:42:52.844] [INFO] normal - ::1 - - "GET /api/getposts/?page=10&size=20&json=true HTTP/1.1" 200 46 "http://localhost:8080/page/index.html" "Mozilla/5.0 (iPhone; CPU iPhone OS 9_1 like Mac OS X) AppleWebKit/601.1.46 (KHTML, like Gecko) Version/9.0 Mobile/13B143 Safari/601.1"
[2016-08-18 20:42:54.011] [INFO] normal - ::1 - - "GET /api/getposts/?page=11&size=20&json=true HTTP/1.1" 200 46 "http://localhost:8080/page/index.html" "Mozilla/5.0 (iPhone; CPU iPhone OS 9_1 like Mac OS X) AppleWebKit/601.1.46 (KHTML, like Gecko) Version/9.0 Mobile/13B143 Safari/601.1"
[2016-08-18 20:47:42.701] [INFO] normal - ::1 - - "GET /api/getposts/?page=1&size=20&json=true HTTP/1.1" 200 15988 "http://localhost:8080/page/index.html" "Mozilla/5.0 (iPhone; CPU iPhone OS 9_1 like Mac OS X) AppleWebKit/601.1.46 (KHTML, like Gecko) Version/9.0 Mobile/13B143 Safari/601.1"
[2016-08-18 20:47:46.640] [INFO] normal - ::1 - - "GET /api/getposts/?page=2&size=20&json=true HTTP/1.1" 200 685 "http://localhost:8080/page/index.html" "Mozilla/5.0 (iPhone; CPU iPhone OS 9_1 like Mac OS X) AppleWebKit/601.1.46 (KHTML, like Gecko) Version/9.0 Mobile/13B143 Safari/601.1"
[2016-08-18 20:47:47.524] [INFO] normal - ::1 - - "GET /api/getposts/?page=1&size=20&json=true HTTP/1.1" 200 15988 "http://localhost:8080/page/index.html" "Mozilla/5.0 (iPhone; CPU iPhone OS 9_1 like Mac OS X) AppleWebKit/601.1.46 (KHTML, like Gecko) Version/9.0 Mobile/13B143 Safari/601.1"
[2016-08-18 20:47:49.781] [INFO] normal - ::1 - - "GET /api/getposts/?page=2&size=20&json=true HTTP/1.1" 200 685 "http://localhost:8080/page/index.html" "Mozilla/5.0 (iPhone; CPU iPhone OS 9_1 like Mac OS X) AppleWebKit/601.1.46 (KHTML, like Gecko) Version/9.0 Mobile/13B143 Safari/601.1"
[2016-08-18 20:49:06.450] [INFO] normal - ::1 - - "GET /api/getposts/?page=1&size=20&json=true HTTP/1.1" 200 15988 "http://localhost:8080/page/index.html" "Mozilla/5.0 (iPhone; CPU iPhone OS 9_1 like Mac OS X) AppleWebKit/601.1.46 (KHTML, like Gecko) Version/9.0 Mobile/13B143 Safari/601.1"
[2016-08-18 20:49:09.606] [INFO] normal - ::1 - - "GET /api/getposts/?page=2&size=20&json=true HTTP/1.1" 200 685 "http://localhost:8080/page/index.html" "Mozilla/5.0 (iPhone; CPU iPhone OS 9_1 like Mac OS X) AppleWebKit/601.1.46 (KHTML, like Gecko) Version/9.0 Mobile/13B143 Safari/601.1"
[2016-08-18 20:49:10.875] [INFO] normal - ::1 - - "GET /api/getposts/?page=3&size=20&json=true HTTP/1.1" 200 46 "http://localhost:8080/page/index.html" "Mozilla/5.0 (iPhone; CPU iPhone OS 9_1 like Mac OS X) AppleWebKit/601.1.46 (KHTML, like Gecko) Version/9.0 Mobile/13B143 Safari/601.1"
[2016-08-18 20:49:15.489] [INFO] normal - ::1 - - "GET /api/getposts/?page=4&size=20&json=true HTTP/1.1" 200 46 "http://localhost:8080/page/index.html" "Mozilla/5.0 (iPhone; CPU iPhone OS 9_1 like Mac OS X) AppleWebKit/601.1.46 (KHTML, like Gecko) Version/9.0 Mobile/13B143 Safari/601.1"
[2016-08-18 20:49:16.537] [INFO] normal - ::1 - - "GET /api/getposts/?page=5&size=20&json=true HTTP/1.1" 200 46 "http://localhost:8080/page/index.html" "Mozilla/5.0 (iPhone; CPU iPhone OS 9_1 like Mac OS X) AppleWebKit/601.1.46 (KHTML, like Gecko) Version/9.0 Mobile/13B143 Safari/601.1"
[2016-08-18 20:49:19.976] [INFO] normal - ::1 - - "GET /api/getposts/?page=6&size=20&json=true HTTP/1.1" 200 46 "http://localhost:8080/page/index.html" "Mozilla/5.0 (iPhone; CPU iPhone OS 9_1 like Mac OS X) AppleWebKit/601.1.46 (KHTML, like Gecko) Version/9.0 Mobile/13B143 Safari/601.1"
[2016-08-18 20:49:30.453] [INFO] normal - ::1 - - "GET /api/getposts/?page=7&size=20&json=true HTTP/1.1" 200 46 "http://localhost:8080/page/index.html" "Mozilla/5.0 (iPhone; CPU iPhone OS 9_1 like Mac OS X) AppleWebKit/601.1.46 (KHTML, like Gecko) Version/9.0 Mobile/13B143 Safari/601.1"
[2016-08-18 20:49:32.736] [INFO] normal - ::1 - - "GET /api/getposts/?page=8&size=20&json=true HTTP/1.1" 200 46 "http://localhost:8080/page/index.html" "Mozilla/5.0 (iPhone; CPU iPhone OS 9_1 like Mac OS X) AppleWebKit/601.1.46 (KHTML, like Gecko) Version/9.0 Mobile/13B143 Safari/601.1"
[2016-08-18 20:49:34.670] [INFO] normal - ::1 - - "GET /api/getposts/?page=9&size=20&json=true HTTP/1.1" 200 46 "http://localhost:8080/page/index.html" "Mozilla/5.0 (iPhone; CPU iPhone OS 9_1 like Mac OS X) AppleWebKit/601.1.46 (KHTML, like Gecko) Version/9.0 Mobile/13B143 Safari/601.1"
[2016-08-18 20:49:36.064] [INFO] normal - ::1 - - "GET /api/getposts/?page=10&size=20&json=true HTTP/1.1" 200 46 "http://localhost:8080/page/index.html" "Mozilla/5.0 (iPhone; CPU iPhone OS 9_1 like Mac OS X) AppleWebKit/601.1.46 (KHTML, like Gecko) Version/9.0 Mobile/13B143 Safari/601.1"
[2016-08-18 21:00:13.165] [INFO] normal - ::1 - - "GET /api/getposts/?page=1&size=20&json=true HTTP/1.1" 200 15988 "http://localhost:8080/page/index.html" "Mozilla/5.0 (iPhone; CPU iPhone OS 9_1 like Mac OS X) AppleWebKit/601.1.46 (KHTML, like Gecko) Version/9.0 Mobile/13B143 Safari/601.1"
[2016-08-18 21:00:15.035] [INFO] normal - ::1 - - "GET /api/getposts/?page=2&size=20&json=true HTTP/1.1" 200 685 "http://localhost:8080/page/index.html" "Mozilla/5.0 (iPhone; CPU iPhone OS 9_1 like Mac OS X) AppleWebKit/601.1.46 (KHTML, like Gecko) Version/9.0 Mobile/13B143 Safari/601.1"
[2016-08-18 21:00:16.256] [INFO] normal - ::1 - - "GET /api/getposts/?page=3&size=20&json=true HTTP/1.1" 200 46 "http://localhost:8080/page/index.html" "Mozilla/5.0 (iPhone; CPU iPhone OS 9_1 like Mac OS X) AppleWebKit/601.1.46 (KHTML, like Gecko) Version/9.0 Mobile/13B143 Safari/601.1"
[2016-08-18 21:01:08.800] [INFO] normal - ::1 - - "GET /api/getposts/?page=1&size=20&json=true HTTP/1.1" 200 15988 "http://localhost:8080/page/index.html" "Mozilla/5.0 (iPhone; CPU iPhone OS 9_1 like Mac OS X) AppleWebKit/601.1.46 (KHTML, like Gecko) Version/9.0 Mobile/13B143 Safari/601.1"
[2016-08-18 21:01:13.460] [INFO] normal - ::1 - - "GET /api/getposts/?page=2&size=20&json=true HTTP/1.1" 200 685 "http://localhost:8080/page/index.html" "Mozilla/5.0 (iPhone; CPU iPhone OS 9_1 like Mac OS X) AppleWebKit/601.1.46 (KHTML, like Gecko) Version/9.0 Mobile/13B143 Safari/601.1"
[2016-08-18 21:01:14.495] [INFO] normal - ::1 - - "GET /api/getposts/?page=3&size=20&json=true HTTP/1.1" 200 46 "http://localhost:8080/page/index.html" "Mozilla/5.0 (iPhone; CPU iPhone OS 9_1 like Mac OS X) AppleWebKit/601.1.46 (KHTML, like Gecko) Version/9.0 Mobile/13B143 Safari/601.1"
[2016-08-18 21:03:35.980] [INFO] normal - ::1 - - "GET /api/getposts/?page=1&size=20&json=true HTTP/1.1" 200 15988 "http://localhost:8080/page/index.html" "Mozilla/5.0 (iPhone; CPU iPhone OS 9_1 like Mac OS X) AppleWebKit/601.1.46 (KHTML, like Gecko) Version/9.0 Mobile/13B143 Safari/601.1"
[2016-08-18 21:03:46.897] [INFO] normal - ::1 - - "GET /api/getposts/?page=2&size=20&json=true HTTP/1.1" 200 685 "http://localhost:8080/page/index.html" "Mozilla/5.0 (iPhone; CPU iPhone OS 9_1 like Mac OS X) AppleWebKit/601.1.46 (KHTML, like Gecko) Version/9.0 Mobile/13B143 Safari/601.1"
[2016-08-18 21:03:50.563] [INFO] normal - ::1 - - "GET /api/getposts/?page=3&size=20&json=true HTTP/1.1" 200 46 "http://localhost:8080/page/index.html" "Mozilla/5.0 (iPhone; CPU iPhone OS 9_1 like Mac OS X) AppleWebKit/601.1.46 (KHTML, like Gecko) Version/9.0 Mobile/13B143 Safari/601.1"
[2016-08-18 21:09:09.750] [INFO] normal - ::1 - - "GET /api/getposts/?page=1&size=20&json=true HTTP/1.1" 200 15988 "http://localhost:8080/page/index.html" "Mozilla/5.0 (iPhone; CPU iPhone OS 9_1 like Mac OS X) AppleWebKit/601.1.46 (KHTML, like Gecko) Version/9.0 Mobile/13B143 Safari/601.1"
[2016-08-18 21:09:42.586] [INFO] normal - ::1 - - "GET /api/getposts/?page=2&size=20&json=true HTTP/1.1" 200 685 "http://localhost:8080/page/index.html" "Mozilla/5.0 (iPhone; CPU iPhone OS 9_1 like Mac OS X) AppleWebKit/601.1.46 (KHTML, like Gecko) Version/9.0 Mobile/13B143 Safari/601.1"
[2016-08-18 21:09:43.805] [INFO] normal - ::1 - - "GET /api/getposts/?page=3&size=20&json=true HTTP/1.1" 200 46 "http://localhost:8080/page/index.html" "Mozilla/5.0 (iPhone; CPU iPhone OS 9_1 like Mac OS X) AppleWebKit/601.1.46 (KHTML, like Gecko) Version/9.0 Mobile/13B143 Safari/601.1"
[2016-08-18 21:12:31.754] [INFO] normal - ::1 - - "GET /api/getposts/?page=1&size=20&json=true HTTP/1.1" 200 15988 "http://localhost:8080/page/index.html" "Mozilla/5.0 (iPhone; CPU iPhone OS 9_1 like Mac OS X) AppleWebKit/601.1.46 (KHTML, like Gecko) Version/9.0 Mobile/13B143 Safari/601.1"
[2016-08-18 21:12:34.376] [INFO] normal - ::1 - - "GET /api/getposts/?page=2&size=20&json=true HTTP/1.1" 200 685 "http://localhost:8080/page/index.html" "Mozilla/5.0 (iPhone; CPU iPhone OS 9_1 like Mac OS X) AppleWebKit/601.1.46 (KHTML, like Gecko) Version/9.0 Mobile/13B143 Safari/601.1"
[2016-08-18 21:12:35.592] [INFO] normal - ::1 - - "GET /api/getposts/?page=3&size=20&json=true HTTP/1.1" 200 46 "http://localhost:8080/page/index.html" "Mozilla/5.0 (iPhone; CPU iPhone OS 9_1 like Mac OS X) AppleWebKit/601.1.46 (KHTML, like Gecko) Version/9.0 Mobile/13B143 Safari/601.1"
[2016-08-18 22:06:27.277] [INFO] normal - ::1 - - "GET /api/getposts/?page=1&size=20&json=true HTTP/1.1" 200 15988 "http://localhost:8080/page/index.html" "Mozilla/5.0 (iPhone; CPU iPhone OS 9_1 like Mac OS X) AppleWebKit/601.1.46 (KHTML, like Gecko) Version/9.0 Mobile/13B143 Safari/601.1"
[2016-08-18 22:08:47.639] [INFO] normal - ::1 - - "GET /api/getposts/?page=1&size=20&json=true HTTP/1.1" 200 15988 "http://localhost:8080/page/index.html" "Mozilla/5.0 (iPhone; CPU iPhone OS 9_1 like Mac OS X) AppleWebKit/601.1.46 (KHTML, like Gecko) Version/9.0 Mobile/13B143 Safari/601.1"
[2016-08-18 22:08:49.483] [INFO] normal - ::1 - - "GET /api/getposts/?page=1&size=20&json=true HTTP/1.1" 200 15988 "http://localhost:8080/page/index.html" "Mozilla/5.0 (iPhone; CPU iPhone OS 9_1 like Mac OS X) AppleWebKit/601.1.46 (KHTML, like Gecko) Version/9.0 Mobile/13B143 Safari/601.1"
[2016-08-18 22:13:17.392] [INFO] normal - ::1 - - "GET /api/getposts/?page=1&size=20&json=true HTTP/1.1" 200 15988 "http://localhost:8080/page/index.html" "Mozilla/5.0 (iPhone; CPU iPhone OS 9_1 like Mac OS X) AppleWebKit/601.1.46 (KHTML, like Gecko) Version/9.0 Mobile/13B143 Safari/601.1"
[2016-08-18 22:14:18.896] [INFO] normal - ::1 - - "GET /api/getposts/?page=1&size=20&json=true HTTP/1.1" 200 15988 "http://localhost:8080/page/index.html" "Mozilla/5.0 (iPhone; CPU iPhone OS 9_1 like Mac OS X) AppleWebKit/601.1.46 (KHTML, like Gecko) Version/9.0 Mobile/13B143 Safari/601.1"
[2016-08-18 22:16:32.070] [INFO] normal - ::1 - - "GET /api/getposts/?page=1&size=20&json=true HTTP/1.1" 200 15988 "http://localhost:8080/page/index.html" "Mozilla/5.0 (iPhone; CPU iPhone OS 9_1 like Mac OS X) AppleWebKit/601.1.46 (KHTML, like Gecko) Version/9.0 Mobile/13B143 Safari/601.1"
[2016-08-18 22:17:46.389] [INFO] normal - ::1 - - "GET /api/getposts/?page=1&size=20&json=true HTTP/1.1" 200 15988 "http://localhost:8080/page/index.html" "Mozilla/5.0 (iPhone; CPU iPhone OS 9_1 like Mac OS X) AppleWebKit/601.1.46 (KHTML, like Gecko) Version/9.0 Mobile/13B143 Safari/601.1"
[2016-08-18 22:29:22.291] [INFO] normal - ::1 - - "GET /api/getposts/?page=1&size=20&json=true HTTP/1.1" 200 15988 "http://localhost:8080/page/index.html" "Mozilla/5.0 (iPhone; CPU iPhone OS 9_1 like Mac OS X) AppleWebKit/601.1.46 (KHTML, like Gecko) Version/9.0 Mobile/13B143 Safari/601.1"
[2016-08-18 22:29:24.071] [INFO] normal - ::1 - - "GET /api/getposts/?page=1&size=20&json=true HTTP/1.1" 200 15988 "http://localhost:8080/page/index.html" "Mozilla/5.0 (iPhone; CPU iPhone OS 9_1 like Mac OS X) AppleWebKit/601.1.46 (KHTML, like Gecko) Version/9.0 Mobile/13B143 Safari/601.1"
[2016-08-18 23:27:23.896] [INFO] normal - ::1 - - "GET /api/getposts/?page=1&size=20&json=true HTTP/1.1" 200 15988 "http://localhost:8080/" "Mozilla/5.0 (iPhone; CPU iPhone OS 9_1 like Mac OS X) AppleWebKit/601.1.46 (KHTML, like Gecko) Version/9.0 Mobile/13B143 Safari/601.1"
[2016-08-18 23:28:12.230] [INFO] normal - ::1 - - "GET /api/getposts/?page=1&size=20&json=true HTTP/1.1" 200 15988 "http://localhost:8080/" "Mozilla/5.0 (iPhone; CPU iPhone OS 9_1 like Mac OS X) AppleWebKit/601.1.46 (KHTML, like Gecko) Version/9.0 Mobile/13B143 Safari/601.1"
[2016-08-18 23:34:27.886] [INFO] normal - ::1 - - "GET /api/getposts/?page=1&size=20&json=true HTTP/1.1" 200 15988 "http://localhost:8080/" "Mozilla/5.0 (iPhone; CPU iPhone OS 9_1 like Mac OS X) AppleWebKit/601.1.46 (KHTML, like Gecko) Version/9.0 Mobile/13B143 Safari/601.1"
[2016-08-18 23:35:12.675] [INFO] normal - ::1 - - "GET /api/getposts/?page=1&size=20&json=true HTTP/1.1" 200 15988 "http://localhost:8080/" "Mozilla/5.0 (iPhone; CPU iPhone OS 9_1 like Mac OS X) AppleWebKit/601.1.46 (KHTML, like Gecko) Version/9.0 Mobile/13B143 Safari/601.1"
[2016-08-18 23:38:33.793] [INFO] normal - ::1 - - "GET /api/getposts/?page=1&size=20&json=true HTTP/1.1" 200 15988 "http://localhost:8080/" "Mozilla/5.0 (iPhone; CPU iPhone OS 9_1 like Mac OS X) AppleWebKit/601.1.46 (KHTML, like Gecko) Version/9.0 Mobile/13B143 Safari/601.1"
[2016-08-18 23:39:12.351] [INFO] normal - ::1 - - "GET /api/getposts/?page=1&size=20&json=true HTTP/1.1" 200 15988 "http://localhost:8080/" "Mozilla/5.0 (iPhone; CPU iPhone OS 9_1 like Mac OS X) AppleWebKit/601.1.46 (KHTML, like Gecko) Version/9.0 Mobile/13B143 Safari/601.1"
[2016-08-18 23:39:13.982] [INFO] normal - ::1 - - "GET /api/getposts/?page=1&size=20&json=true HTTP/1.1" 200 15988 "http://localhost:8080/" "Mozilla/5.0 (iPhone; CPU iPhone OS 9_1 like Mac OS X) AppleWebKit/601.1.46 (KHTML, like Gecko) Version/9.0 Mobile/13B143 Safari/601.1"
[2016-08-18 23:40:23.325] [INFO] normal - ::1 - - "GET /api/getposts/?page=1&size=20&json=true HTTP/1.1" 200 15988 "http://localhost:8080/" "Mozilla/5.0 (iPhone; CPU iPhone OS 9_1 like Mac OS X) AppleWebKit/601.1.46 (KHTML, like Gecko) Version/9.0 Mobile/13B143 Safari/601.1"
[2016-08-18 23:43:51.682] [INFO] normal - ::1 - - "GET /api/getposts/?page=1&size=20&json=true HTTP/1.1" 200 15988 "http://localhost:8080/" "Mozilla/5.0 (iPhone; CPU iPhone OS 9_1 like Mac OS X) AppleWebKit/601.1.46 (KHTML, like Gecko) Version/9.0 Mobile/13B143 Safari/601.1"
[2016-08-18 23:44:37.495] [INFO] normal - ::1 - - "GET /api/getposts/?page=1&size=20&json=true HTTP/1.1" 200 15988 "http://localhost:8080/" "Mozilla/5.0 (iPhone; CPU iPhone OS 9_1 like Mac OS X) AppleWebKit/601.1.46 (KHTML, like Gecko) Version/9.0 Mobile/13B143 Safari/601.1"
[2016-08-18 23:45:29.264] [INFO] normal - ::1 - - "GET /api/getposts/?page=1&size=20&json=true HTTP/1.1" 200 15988 "http://localhost:8080/" "Mozilla/5.0 (iPhone; CPU iPhone OS 9_1 like Mac OS X) AppleWebKit/601.1.46 (KHTML, like Gecko) Version/9.0 Mobile/13B143 Safari/601.1"
[2016-08-18 23:46:23.223] [INFO] normal - ::1 - - "GET /api/getposts/?page=1&size=20&json=true HTTP/1.1" 200 15988 "http://localhost:8080/" "Mozilla/5.0 (iPhone; CPU iPhone OS 9_1 like Mac OS X) AppleWebKit/601.1.46 (KHTML, like Gecko) Version/9.0 Mobile/13B143 Safari/601.1"
[2016-08-18 23:47:12.065] [INFO] normal - ::1 - - "GET /api/getposts/?page=1&size=20&json=true HTTP/1.1" 200 15988 "http://localhost:8080/" "Mozilla/5.0 (iPhone; CPU iPhone OS 9_1 like Mac OS X) AppleWebKit/601.1.46 (KHTML, like Gecko) Version/9.0 Mobile/13B143 Safari/601.1"
[2016-08-18 23:48:26.071] [INFO] normal - ::1 - - "GET /api/getposts/?page=1&size=20&json=true HTTP/1.1" 200 15988 "http://localhost:8080/" "Mozilla/5.0 (iPhone; CPU iPhone OS 9_1 like Mac OS X) AppleWebKit/601.1.46 (KHTML, like Gecko) Version/9.0 Mobile/13B143 Safari/601.1"
[2016-08-18 23:48:39.299] [INFO] normal - ::1 - - "GET /api/getposts/?page=1&size=20&json=true HTTP/1.1" 200 15988 "http://localhost:8080/" "Mozilla/5.0 (iPhone; CPU iPhone OS 9_1 like Mac OS X) AppleWebKit/601.1.46 (KHTML, like Gecko) Version/9.0 Mobile/13B143 Safari/601.1"
[2016-08-18 23:59:52.708] [INFO] normal - ::1 - - "GET /api/getposts/?page=1&size=20&json=true HTTP/1.1" 200 15988 "http://localhost:8080/" "Mozilla/5.0 (iPhone; CPU iPhone OS 9_1 like Mac OS X) AppleWebKit/601.1.46 (KHTML, like Gecko) Version/9.0 Mobile/13B143 Safari/601.1"
[2016-08-19 00:00:17.385] [INFO] normal - ::1 - - "GET /api/getposts/?page=1&size=20&json=true HTTP/1.1" 200 15988 "http://localhost:8080/" "Mozilla/5.0 (iPhone; CPU iPhone OS 9_1 like Mac OS X) AppleWebKit/601.1.46 (KHTML, like Gecko) Version/9.0 Mobile/13B143 Safari/601.1"
[2016-08-19 00:11:55.298] [INFO] normal - ::1 - - "GET /api/getposts/?page=1&size=20&json=true HTTP/1.1" 200 15988 "http://localhost:8080/" "Mozilla/5.0 (iPhone; CPU iPhone OS 9_1 like Mac OS X) AppleWebKit/601.1.46 (KHTML, like Gecko) Version/9.0 Mobile/13B143 Safari/601.1"
[2016-08-19 00:11:57.409] [INFO] normal - ::1 - - "GET /api/getposts/?page=1&size=20&json=true HTTP/1.1" 200 15988 "http://localhost:8080/" "Mozilla/5.0 (iPhone; CPU iPhone OS 9_1 like Mac OS X) AppleWebKit/601.1.46 (KHTML, like Gecko) Version/9.0 Mobile/13B143 Safari/601.1"
[2016-08-19 00:12:04.038] [INFO] normal - ::1 - - "GET /api/getposts/?page=1&size=20&json=true HTTP/1.1" 304 - "" "Mozilla/5.0 (Macintosh; Intel Mac OS X 10_10_5) AppleWebKit/537.36 (KHTML, like Gecko) Chrome/52.0.2743.116 Safari/537.36"
[2016-08-19 00:20:20.789] [INFO] normal - ::1 - - "GET /api/getposts/?page=1&size=20&json=true HTTP/1.1" 200 15988 "http://localhost:8080/" "Mozilla/5.0 (iPhone; CPU iPhone OS 9_1 like Mac OS X) AppleWebKit/601.1.46 (KHTML, like Gecko) Version/9.0 Mobile/13B143 Safari/601.1"
[2016-08-19 00:20:23.552] [INFO] normal - ::1 - - "GET /api/getposts/?page=1&size=20&json=true HTTP/1.1" 200 15988 "http://localhost:8080/" "Mozilla/5.0 (iPhone; CPU iPhone OS 9_1 like Mac OS X) AppleWebKit/601.1.46 (KHTML, like Gecko) Version/9.0 Mobile/13B143 Safari/601.1"
[2016-08-19 00:20:33.516] [INFO] normal - ::1 - - "GET /api/getposts/?page=1&size=20&json=true HTTP/1.1" 304 - "http://localhost:8080/" "Mozilla/5.0 (Macintosh; Intel Mac OS X 10_10_5) AppleWebKit/537.36 (KHTML, like Gecko) Chrome/52.0.2743.116 Safari/537.36"
[2016-08-19 00:20:35.465] [INFO] normal - ::1 - - "GET /api/getposts/?page=1&size=20&json=true HTTP/1.1" 200 15988 "http://localhost:8080/" "Mozilla/5.0 (Macintosh; Intel Mac OS X 10_10_5) AppleWebKit/537.36 (KHTML, like Gecko) Chrome/52.0.2743.116 Safari/537.36"
[2016-08-19 00:20:37.544] [INFO] normal - ::1 - - "GET /api/getposts/?page=1&size=20&json=true HTTP/1.1" 200 15988 "http://localhost:8080/" "Mozilla/5.0 (iPhone; CPU iPhone OS 9_1 like Mac OS X) AppleWebKit/601.1.46 (KHTML, like Gecko) Version/9.0 Mobile/13B143 Safari/601.1"
[2016-08-19 00:20:38.589] [INFO] normal - ::1 - - "GET /api/getposts/?page=2&size=20&json=true HTTP/1.1" 200 6540 "http://localhost:8080/" "Mozilla/5.0 (iPhone; CPU iPhone OS 9_1 like Mac OS X) AppleWebKit/601.1.46 (KHTML, like Gecko) Version/9.0 Mobile/13B143 Safari/601.1"
[2016-08-19 00:20:40.625] [INFO] normal - ::1 - - "GET /api/getposts/?page=3&size=20&json=true HTTP/1.1" 200 46 "http://localhost:8080/" "Mozilla/5.0 (iPhone; CPU iPhone OS 9_1 like Mac OS X) AppleWebKit/601.1.46 (KHTML, like Gecko) Version/9.0 Mobile/13B143 Safari/601.1"
[2016-08-19 11:49:10.622] [INFO] normal - ::1 - - "GET /api/getposts/?page=1&size=20&json=true HTTP/1.1" 200 15988 "http://localhost:8080/" "Mozilla/5.0 (iPhone; CPU iPhone OS 9_1 like Mac OS X) AppleWebKit/601.1.46 (KHTML, like Gecko) Version/9.0 Mobile/13B143 Safari/601.1"
[2016-08-19 11:49:11.822] [INFO] normal - ::1 - - "GET /api/getposts/?page=1&size=20&json=true HTTP/1.1" 200 15988 "http://localhost:8080/" "Mozilla/5.0 (iPhone; CPU iPhone OS 9_1 like Mac OS X) AppleWebKit/601.1.46 (KHTML, like Gecko) Version/9.0 Mobile/13B143 Safari/601.1"
[2016-08-19 11:49:12.885] [INFO] normal - ::1 - - "GET /api/getposts/?page=1&size=20&json=true HTTP/1.1" 200 15988 "http://localhost:8080/" "Mozilla/5.0 (iPhone; CPU iPhone OS 9_1 like Mac OS X) AppleWebKit/601.1.46 (KHTML, like Gecko) Version/9.0 Mobile/13B143 Safari/601.1"
